2018-06-03 12:01:45 - Get Sample product feed
2018-06-03 12:01:45 - Complete - Get Sample product feed
2018-06-03 12:02:50 - Updating FAE settings - facebook_catalog_id
2018-06-03 12:02:50 - Complete - Updating FAE settings
2018-06-03 12:02:50 - Updating FAE settings - facebook_pixel_id,facebook_pixel_use_pii
2018-06-03 12:02:50 - Complete - Updating FAE settings
2018-06-03 12:02:50 - Updating FAE settings - facebook_dia_setting_id
2018-06-03 12:02:50 - Complete - Updating FAE settings
2018-06-03 12:02:50 - Clear all Facebook products
2018-06-03 12:02:50 - Complete - Clear all Facebook products
2018-06-03 12:02:51 - Updating FAE settings - facebook_page_id,facebook_page_token
2018-06-03 12:02:51 - Complete - Updating FAE settings
2018-06-03 12:02:51 - Sync all products using feed
2018-06-03 12:02:51 - Generating product feed file
2018-06-03 12:02:51 - Sync all products using feed, feed file generated
2018-06-03 12:02:51 - Sync all products using feed, facebook feed created
2018-06-03 12:02:52 - Sync all products using feed, facebook upload created
2018-06-03 12:02:53 - Complete - Sync all products using feed
2018-06-03 12:04:24 - Get Sample product feed
2018-06-03 12:04:24 - Complete - Get Sample product feed
2018-06-03 12:04:35 - Get Sample product feed
2018-06-03 12:04:35 - Complete - Get Sample product feed
2018-06-03 12:10:51 - Get Sample product feed
2018-06-03 12:10:51 - Complete - Get Sample product feed
2018-06-03 12:11:16 - Get Sample product feed
2018-06-03 12:11:16 - Complete - Get Sample product feed
2018-06-03 12:36:37 - Get Sample product feed
2018-06-03 12:36:37 - Complete - Get Sample product feed
2018-06-03 12:46:09 - Get Sample product feed
2018-06-03 12:46:09 - Complete - Get Sample product feed
2018-06-03 12:46:21 - Get Sample product feed
2018-06-03 12:46:21 - Complete - Get Sample product feed
2018-06-03 12:48:32 - Get Sample product feed
2018-06-03 12:48:32 - Complete - Get Sample product feed
2018-06-03 12:50:09 - Get Sample product feed
2018-06-03 12:50:09 - Complete - Get Sample product feed
2018-06-03 12:51:51 - Get Sample product feed
2018-06-03 12:51:51 - Complete - Get Sample product feed
2018-06-03 12:53:31 - Get Sample product feed
2018-06-03 12:53:31 - Complete - Get Sample product feed
2018-06-04 10:04:08 - Sync for product 1
2018-06-04 10:04:25 - Sync for product 2
2018-06-04 10:04:33 - Sync for product 4
2018-06-04 10:04:42 - Sync for product 3
2018-06-06 3:00:30 - Sync for product 1
2018-06-06 3:00:36 - Sync for product 2
2018-06-06 3:00:41 - Sync for product 4
2018-06-06 3:00:46 - Sync for product 3
2018-06-07 5:39:23 - Sync for product 1
2018-06-07 5:39:42 - Sync for product 2
2018-06-07 5:39:54 - Sync for product 4
2018-06-07 5:40:05 - Sync for product 3
2018-06-07 5:40:16 - Sync for product 4
2018-06-07 7:35:44 - Sync for product 1
2018-06-07 7:38:16 - Sync for product 2
2018-06-07 7:38:21 - Sync for product 4
2018-06-07 7:38:26 - Sync for product 3
2018-06-07 7:38:43 - Sync for product 1
2018-06-07 7:50:02 - Sync for product 1
2018-06-07 11:36:29 - Get Sample product feed
2018-06-07 11:36:29 - Complete - Get Sample product feed
2018-06-07 11:36:47 - Get Sample product feed
2018-06-07 11:36:47 - Complete - Get Sample product feed
2018-06-08 8:05:27 - Get Sample product feed
2018-06-08 8:05:27 - Complete - Get Sample product feed
2018-06-08 8:28:58 - Get Sample product feed
2018-06-08 8:28:58 - Complete - Get Sample product feed
2018-06-09 7:44:47 - Sync for product 1
2018-06-09 7:44:57 - Sync for product 1
2018-06-09 7:45:27 - Sync for product 1
2018-06-09 7:45:33 - Sync for product 1
2018-06-09 7:47:45 - Update products for availability change - 1
2018-06-09 9:00:21 - Update products for availability change - 1
2018-06-11 3:13:34 - Update products for availability change - 1
2018-06-11 8:59:55 - Update products for availability change - 1
2018-06-11 9:12:30 - Update products for availability change - 1
2018-06-11 9:14:10 - Update products for availability change - 1
2018-06-11 9:14:43 - Update products for availability change - 1
2018-06-11 9:15:19 - Update products for availability change - 1
2018-06-11 10:30:40 - Update products for availability change - 1
2018-06-11 10:34:36 - Update products for availability change - 1
2018-06-11 10:49:40 - Get Sample product feed
2018-06-11 10:49:40 - Complete - Get Sample product feed
2018-06-16 8:51:18 - Sync for product 1
2018-07-03 8:48:06 - Sync for product 1
2018-07-03 8:48:17 - Sync for product 2
2018-07-04 5:49:27 - Sync for product 1
2018-07-04 11:50:36 - Update products for availability change - 1
2018-07-04 11:52:41 - Update products for availability change - 1
2018-07-04 11:59:36 - Update products for availability change - 1
2018-07-04 12:24:54 - Update products for availability change - 1
2018-07-06 9:35:33 - Sync for product 1
2018-07-06 9:43:10 - Sync for product 1
2018-07-06 9:44:55 - Sync for product 1
2018-07-06 9:56:27 - Sync for product 1
2018-07-06 9:57:18 - Sync for product 1
2018-07-06 10:33:02 - Sync for product 1
2018-07-06 10:34:10 - Sync for product 1
2018-07-06 16:46:55 - Update products for availability change - 1
2018-07-06 10:47:05 - Sync for product 1
2018-07-10 5:15:49 - Sync for product 1
2018-07-22 14:01:36 - Sync for product 1
2018-07-22 14:49:38 - Sync for product 2
2018-07-25 8:20:07 - Sync for product 1
2018-07-25 8:20:16 - Sync for product 2
2018-08-01 12:48:01 - Sync for product 1
2018-08-01 14:18:36 - Sync for product 1
2018-08-01 14:32:27 - Sync for product 1
2018-08-01 16:10:01 - Sync for product 10
2018-08-01 16:10:08 - Sync for product 11
2018-08-01 16:10:28 - Sync for product 12
2018-08-01 16:10:35 - Sync for product 13
2018-08-01 16:10:42 - Sync for product 14
2018-08-01 16:10:46 - Sync for product 15
2018-08-01 16:10:50 - Sync for product 16
2018-08-01 16:10:54 - Sync for product 2
2018-08-01 16:10:58 - Sync for product 3
2018-08-01 16:11:02 - Sync for product 4
2018-08-01 16:11:06 - Sync for product 5
2018-08-01 16:11:13 - Sync for product 6
2018-08-01 16:11:18 - Sync for product 7
2018-08-01 16:11:23 - Sync for product 8
2018-08-01 16:11:27 - Sync for product 9
2018-08-01 16:38:24 - Sync for product 16
2018-08-07 23:44:05 - Update products for availability change - 1
2018-08-07 17:44:41 - Sync for product 1
2018-08-13 4:43:44 - Sync for product 1
2018-08-13 5:42:40 - Sync for product 10
2018-08-13 5:42:43 - Sync for product 10
2018-08-13 7:07:27 - Sync for product 10
2018-08-13 9:37:46 - Sync for product 10
2018-08-13 9:37:47 - Sync for product 10
2018-08-13 12:35:15 - Sync for product 10
2018-08-13 18:45:01 - Sync for product 1
2018-08-13 18:46:23 - Sync for product 1
2018-08-13 18:46:39 - Sync for product 1
2018-08-13 18:46:56 - Sync for product 1
2018-08-13 18:46:59 - Sync for product 1
2018-08-15 4:11:44 - Sync for product 1
2018-08-15 4:16:56 - Sync for product 1
2018-08-15 4:45:24 - Sync for product 1
2018-08-15 4:46:10 - Sync for product 1
2018-08-15 4:49:34 - Sync for product 1
2018-08-15 4:51:14 - Sync for product 1
2018-08-15 4:53:53 - Sync for product 1
2018-08-15 4:54:05 - Sync for product 1
2018-08-18 15:51:33 - Update products for availability change - 1
2018-08-18 22:34:13 - Update products for availability change - 1,13
2018-08-29 21:29:17 - Update products for availability change - 1,13
2018-08-29 21:29:51 - Update products for availability change - 1
2018-08-29 21:33:37 - Update products for availability change - 1
2018-08-29 22:32:11 - Update products for availability change - 1
2018-08-30 15:26:59 - Sync for product 10
2018-09-02 15:23:27 - Sync for product 1
2018-09-03 17:27:29 - Sync for product 1
2018-09-03 17:39:53 - Sync for product 1
2018-09-03 17:48:18 - Sync for product 1
2018-09-08 8:51:11 - Sync for product 16
2018-09-09 11:24:40 - Update products for availability change - 1,10
2018-09-09 5:54:59 - Sync for product 1
2018-09-09 7:45:42 - Sync for product 1
2018-09-09 7:56:35 - Sync for product 1
2018-09-09 7:56:36 - Sync for product 1
2018-09-09 12:33:44 - Sync for product 1
2018-09-14 3:55:32 - Sync for product 1
2018-09-15 15:39:36 - Sync for product 10
2018-09-15 15:39:45 - Sync for product 10
2018-09-15 17:03:31 - Sync for product 1
2018-09-15 17:03:36 - Sync for product 1
2018-09-16 14:42:45 - Update products for availability change - 1
2018-09-18 23:33:34 - Update products for availability change - 1,12,10
2018-09-19 14:32:04 - Update products for availability change - 2,3,4,7,8,1
2018-09-19 14:57:07 - Sync for product 1
2018-09-19 21:40:19 - Update products for availability change - 1,10
2018-09-19 15:55:39 - Sync for product 10
2018-09-19 22:01:09 - Update products for availability change - 1,10
2018-09-21 3:59:15 - Sync for product 5
2018-09-21 9:51:53 - Sync for product 1
2018-09-21 9:51:59 - Sync for product 2
2018-09-21 9:52:03 - Sync for product 3
2018-09-21 9:52:11 - Sync for product 4
2018-09-21 9:52:16 - Sync for product 6
2018-09-21 9:52:20 - Sync for product 7
2018-09-21 9:52:24 - Sync for product 8
2018-09-21 9:52:28 - Sync for product 5
2018-09-21 19:02:14 - Update products for availability change - 1,2
2018-09-21 19:23:33 - Update products for availability change - 1
2018-09-22 18:40:22 - Sync for product 11
2018-09-23 15:03:04 - Update products for availability change - 11
2018-09-23 15:04:39 - Update products for availability change - 11
2018-09-23 15:06:52 - Update products for availability change - 11
2018-09-23 15:14:28 - Update products for availability change - 11
2018-09-23 15:15:35 - Update products for availability change - 11
2018-09-23 15:15:44 - Update products for availability change - 11
2018-09-23 15:16:32 - Update products for availability change - 11
2018-09-23 15:23:53 - Update products for availability change - 11
2018-09-23 15:29:33 - Update products for availability change - 11
2018-09-23 15:30:14 - Update products for availability change - 11
2018-09-23 15:30:31 - Update products for availability change - 11
2018-09-23 15:36:53 - Update products for availability change - 11
2018-09-23 15:41:59 - Update products for availability change - 11
2018-09-23 15:42:38 - Update products for availability change - 11
2018-09-23 15:53:19 - Update products for availability change - 11
2018-09-23 15:54:19 - Update products for availability change - 11
2018-09-23 15:59:55 - Update products for availability change - 11
2018-09-23 17:42:52 - Update products for availability change - 11
2018-09-23 17:44:50 - Update products for availability change - 11
2018-09-24 9:36:58 - Sync for product 4
2018-09-24 11:20:26 - Update products for availability change - 4
2018-09-24 11:26:20 - Update products for availability change - 3
2018-09-24 14:47:31 - Update products for availability change - 4
2018-09-24 14:51:39 - Update products for availability change - 4
2018-09-24 16:01:20 - Sync for product 1
2018-09-24 16:34:24 - Update products for availability change - 4
2018-09-24 16:35:15 - Update products for availability change - 4
2018-09-24 16:37:39 - Update products for availability change - 4
2018-09-24 16:46:28 - Update products for availability change - 3
2018-09-24 16:47:32 - Update products for availability change - 3
2018-09-24 18:14:41 - Update products for availability change - 4
2018-09-24 23:18:05 - Update products for availability change - 11
2018-09-25 11:31:49 - Update products for availability change - 4
2018-09-25 11:43:42 - Update products for availability change - 4
2018-09-26 9:48:22 - Update products for availability change - 4
2018-09-26 10:00:20 - Update products for availability change - 4
2018-09-26 10:05:51 - Update products for availability change - 4
2018-09-26 10:13:03 - Update products for availability change - 4
2018-09-26 10:16:15 - Update products for availability change - 4
2018-09-26 10:17:26 - Update products for availability change - 4
2018-09-26 10:18:18 - Update products for availability change - 4
2018-09-26 10:23:28 - Update products for availability change - 4
2018-09-26 23:10:44 - Update products for availability change - 11
2018-09-26 23:51:17 - Sync for product 11
2018-09-26 23:51:35 - Sync for product 11
2018-09-26 23:54:54 - Sync for product 11
2018-09-26 23:56:33 - Sync for product 11
2018-09-28 5:21:41 - Sync for product 2
2018-10-02 6:02:06 - Sync for product 1
2018-10-19 5:30:26 - Sync for product 11
2018-10-19 5:48:36 - Sync for product 1
2018-10-19 9:00:33 - Sync for product 1
2018-10-19 15:05:51 - Update products for availability change - 3,1,2
2018-10-19 15:22:02 - Update products for availability change - 2,4
2018-10-19 15:35:43 - Update products for availability change - 2,4
2018-10-23 10:12:10 - Update products for availability change - 3,1,2
2018-10-24 17:01:53 - Sync for product 10
2018-10-24 23:45:20 - Update products for availability change - 1,10
2018-10-24 23:46:57 - Update products for availability change - 1,10
2018-11-02 18:25:04 - Sync for product 1
2018-11-03 3:27:41 - Get Sample product feed
2018-11-03 3:27:41 - Complete - Get Sample product feed
2018-11-03 5:22:06 - Sync for product 1
2018-11-03 8:02:24 - Get Sample product feed
2018-11-03 8:02:24 - Complete - Get Sample product feed
2018-11-03 8:28:42 - Get Sample product feed
2018-11-03 8:28:42 - Complete - Get Sample product feed
2018-11-18 13:55:37 - Sync for product 1
2018-11-18 13:56:17 - Sync for product 1
2018-11-18 13:57:41 - Sync for product 1
2018-11-21 0:00:24 - Update products for availability change - 1
2018-12-22 10:01:56 - Sync for product 1
2018-12-25 8:12:18 - Get Sample product feed
2018-12-25 8:12:18 - Complete - Get Sample product feed
2019-01-01 16:42:02 - Get Sample product feed
2019-01-01 16:42:02 - Complete - Get Sample product feed
2019-01-05 4:27:12 - Sync for product 2
2019-01-05 4:27:30 - Sync for product 3
2019-01-05 5:03:42 - Sync for product 2
2019-01-05 17:03:49 - Update products for availability change - 2
2019-01-05 17:06:37 - Update products for availability change - 1
2019-01-05 17:11:31 - Update products for availability change - 1
2019-03-02 14:17:36 - Sync for product 1
2019-03-02 15:07:07 - Sync for product 1
2019-03-06 20:25:00 - Sync for product 2
2019-03-06 20:35:14 - Sync for product 1
2019-03-06 20:49:54 - Sync for product 1
2019-03-06 20:54:27 - Sync for product 1
2019-03-06 20:58:02 - Sync for product 2
2019-03-06 22:17:01 - Sync for product 1
2019-03-06 22:34:36 - Sync for product 1
2019-03-06 22:34:40 - Sync for product 2
2019-03-06 22:35:31 - Sync for product 1
2019-03-06 22:35:37 - Sync for product 2
2019-03-06 22:35:40 - Sync for product 1
2019-03-07 11:30:48 - Sync for product 1
2019-03-07 11:31:29 - Update products for availability change - 1
2019-03-07 16:17:16 - Update products for availability change - 1
2019-03-07 17:14:37 - Sync for product 2
2019-03-07 17:15:35 - Sync for product 2
2019-03-07 19:05:44 - Update products for availability change - 1
2019-07-04 6:10:27 - Sync for product 1
2019-07-04 6:11:09 - Sync for product 1
2019-07-04 6:11:10 - Sync for product 1
2019-07-11 16:09:20 - Sync for product 1
2019-07-11 22:09:43 - Update products for availability change - 1
2019-11-05 14:16:28 - Sync for product 1
2019-11-05 16:38:05 - Sync for product 1
2019-11-05 16:38:55 - Sync for product 1
2019-11-05 16:38:59 - Sync for product 1
2019-11-05 16:39:28 - Sync for product 2
2019-11-05 16:56:21 - Update products for availability change - 1
2019-11-05 17:01:52 - Update products for availability change - 1
2019-11-05 17:42:33 - Sync for product 1
2019-11-05 17:43:21 - Sync for product 1
2019-11-05 17:43:30 - Sync for product 1
2019-11-05 17:43:40 - Sync for product 1
2019-11-05 17:44:13 - Sync for product 1
2019-11-05 17:44:49 - Sync for product 1
2019-11-05 17:44:59 - Sync for product 1
2019-11-06 11:32:47 - Sync for product 1
2019-11-06 14:01:15 - Sync for product 1
2019-11-06 14:28:33 - Sync for product 1
2019-11-06 14:28:51 - Sync for product 1
2019-11-06 14:29:01 - Sync for product 1
2019-11-06 14:35:37 - Sync for product 1
2019-11-06 14:39:29 - Sync for product 1
2019-11-06 14:41:57 - Sync for product 1
2019-11-06 14:42:06 - Sync for product 1
2019-11-06 14:42:17 - Sync for product 1
2019-11-06 14:42:33 - Sync for product 1
2019-11-06 14:42:46 - Sync for product 1
2019-11-06 14:42:56 - Sync for product 1
2019-11-06 14:44:28 - Sync for product 1
2019-11-06 14:51:04 - Sync for product 1
2019-11-06 14:51:45 - Sync for product 1
2019-11-06 14:51:58 - Sync for product 1
2019-11-06 14:52:41 - Sync for product 1
2019-11-06 14:53:15 - Sync for product 1
2019-11-08 16:00:24 - Sync for product 1
2019-11-08 16:04:38 - Sync for product 1
2019-11-08 16:04:46 - Sync for product 1
2019-11-08 16:05:04 - Sync for product 1
2019-11-08 16:05:26 - Sync for product 1
2019-11-08 16:08:35 - Sync for product 1
2019-11-08 16:09:34 - Sync for product 1
2019-11-08 16:10:15 - Sync for product 1
2019-11-08 16:10:26 - Sync for product 1
2019-11-08 16:10:45 - Sync for product 1
2019-11-08 16:14:58 - Sync for product 1
2019-11-08 16:15:46 - Sync for product 1
2019-11-08 16:16:29 - Sync for product 1
2019-11-08 16:21:20 - Sync for product 1
2019-11-08 16:21:58 - Sync for product 1
2019-11-08 16:27:09 - Sync for product 1
2019-11-08 16:30:39 - Sync for product 1
2019-11-08 16:30:51 - Sync for product 1
2019-11-11 14:50:40 - Sync for product 1
2019-11-11 14:51:29 - Sync for product 1
2019-11-11 14:55:54 - Update products for availability change - 1
2019-11-11 14:59:51 - Sync for product 1
2019-11-11 15:00:28 - Update products for availability change - 1
2019-11-11 15:48:11 - Sync for product 3
2019-11-11 15:48:29 - Sync for product 3
2019-11-14 14:58:59 - Sync for product 1
2019-11-14 14:59:15 - Sync for product 2
2019-11-14 18:07:15 - Sync for product 1
2019-11-15 9:51:17 - Sync for product 1
2019-11-15 9:51:55 - Sync for product 3
2019-11-15 9:52:03 - Sync for product 1
2019-11-15 9:52:28 - Sync for product 2
2019-11-15 9:52:44 - Sync for product 2
2019-11-15 14:38:55 - Sync for product 2
2019-11-15 14:39:10 - Sync for product 2
2019-11-15 14:48:04 - Sync for product 2
2019-11-15 14:48:47 - Sync for product 2
2019-11-15 15:07:53 - Sync for product 2
2019-11-18 16:51:21 - Sync for product 2
2019-11-18 16:52:08 - Sync for product 2
2019-11-18 17:31:00 - Sync for product 2
2019-11-18 17:46:52 - Sync for product 2
2019-11-19 12:04:14 - Sync for product 2
2019-11-19 12:04:22 - Sync for product 2
2019-11-19 14:36:59 - Sync for product 2
2019-11-19 14:37:24 - Sync for product 2
2019-11-19 14:42:16 - Sync for product 2
2019-11-19 14:42:43 - Sync for product 2
2019-11-19 14:43:00 - Sync for product 2
2019-11-19 14:43:36 - Sync for product 2
2019-11-19 14:43:57 - Sync for product 2
2019-11-20 10:00:49 - Sync for product 2
2019-11-20 10:01:07 - Sync for product 2
2019-11-20 10:01:22 - Sync for product 2
2019-11-20 10:01:38 - Sync for product 2
2019-11-20 10:01:51 - Sync for product 2
2019-11-20 10:03:17 - Sync for product 2
2019-11-20 10:04:04 - Sync for product 2
2019-11-20 10:04:19 - Sync for product 2
2019-11-20 10:04:32 - Sync for product 2
2019-11-20 10:04:48 - Sync for product 2
2019-11-20 10:05:01 - Sync for product 2
2019-11-20 10:05:05 - Sync for product 2
2019-11-20 10:05:28 - Sync for product 2
2019-11-20 10:05:33 - Sync for product 2
2019-11-20 10:05:37 - Sync for product 2
2019-11-20 10:06:11 - Sync for product 2
2019-11-25 10:47:19 - Sync for product 1
2019-11-25 11:00:06 - Sync for product 1
2019-11-25 11:44:36 - Sync for product 1
2019-11-25 11:44:48 - Sync for product 1
2019-11-25 11:54:19 - Sync for product 1
2019-11-25 11:54:41 - Sync for product 1
2019-11-25 11:55:05 - Sync for product 1
2019-11-25 12:00:27 - Sync for product 1
2019-11-25 12:02:21 - Sync for product 1
2019-11-25 16:15:22 - Sync for product 2
2020-01-06 10:36:57 - Sync for product 1
2020-01-06 10:40:56 - Sync for product 1
2020-01-06 10:42:13 - Sync for product 1
2020-01-06 10:42:41 - Sync for product 1
2020-01-06 10:52:41 - Sync for product 1
2020-01-06 16:25:36 - Sync for product 1
2020-01-06 16:28:06 - Sync for product 1
2020-01-06 16:46:23 - Sync for product 1
2020-01-06 16:47:04 - Sync for product 1
2020-01-06 17:17:47 - Sync for product 1
2020-01-06 23:50:12 - Sync for product 1
2020-01-07 13:00:51 - Sync for product 1
2020-01-07 15:23:15 - Sync for product 2
2020-01-07 15:35:15 - Sync for product 1
2020-01-07 15:47:21 - Sync for product 2
2020-01-07 19:05:10 - Sync for product 1
2020-01-07 19:13:03 - Sync for product 1
2020-01-07 19:25:23 - Sync for product 2
2020-01-08 11:00:09 - Sync for product 1
2020-01-08 11:05:24 - Sync for product 2
2020-01-08 11:28:01 - Sync for product 2
2020-01-08 11:28:59 - Sync for product 1
2020-01-08 11:29:02 - Sync for product 1
2020-01-08 11:29:05 - Sync for product 1
2020-01-08 11:29:14 - Sync for product 2
2020-01-08 11:29:50 - Sync for product 2
2020-01-08 11:30:09 - Sync for product 2
2020-01-08 16:46:22 - Sync for product 2
2020-01-08 16:46:53 - Sync for product 1
2020-01-08 16:47:13 - Sync for product 1
2020-01-08 17:22:25 - Sync for product 2
2020-01-08 17:29:51 - Sync for product 1
2020-01-08 17:30:07 - Sync for product 2
2020-01-08 17:39:18 - Sync for product 1
2020-01-08 18:14:19 - Sync for product 3
2020-01-09 13:48:15 - Sync for product 4
2020-01-09 13:52:52 - Sync for product 4
2020-01-09 13:55:14 - Sync for product 4
2020-01-09 14:51:03 - Sync for product 1
2020-01-09 14:51:44 - Sync for product 2
2020-01-09 14:56:39 - Sync for product 4
2020-01-09 14:57:28 - Sync for product 3
2020-01-09 14:58:22 - Sync for product 3
2020-01-09 15:14:52 - Sync for product 5
2020-01-09 15:16:55 - Sync for product 5
2020-01-09 15:24:36 - Sync for product 5
2020-01-09 15:33:04 - Sync for product 1
2020-01-09 15:33:51 - Sync for product 5
2020-01-20 13:43:10 - Sync for product 5
2020-01-20 15:21:55 - Sync for product 3
2020-01-20 16:50:34 - Sync for product 3
2020-01-20 16:51:10 - Sync for product 3
2020-01-20 19:34:08 - Sync for product 4
2020-01-20 19:34:39 - Sync for product 3
2020-01-21 10:26:34 - Sync for product 6
2020-01-21 10:30:08 - Sync for product 7
2020-01-21 11:03:25 - Sync for product 2
2020-01-21 11:03:57 - Sync for product 1
2020-01-21 11:05:26 - Sync for product 8
2020-01-21 11:10:12 - Sync for product 7
2020-01-21 11:11:52 - Sync for product 9
2020-01-21 11:12:30 - Sync for product 5
2020-01-21 17:52:41 - Sync for product 3
2020-01-21 17:53:07 - Sync for product 3
2020-01-21 18:06:13 - Sync for product 8
2020-01-22 14:49:13 - Sync for product 8
2020-01-22 15:45:42 - Sync for product 8
2020-01-22 16:41:34 - Sync for product 6
2020-02-10 19:16:40 - Sync for product 5
2020-02-11 10:59:44 - Update products for availability change - 6,8
2020-02-11 12:15:31 - Sync for product 3
2020-02-11 14:33:17 - Sync for product 3
2020-02-11 14:35:08 - Sync for product 2
2020-02-11 14:35:32 - Sync for product 1
2020-02-11 14:37:14 - Sync for product 6
2020-02-12 13:03:02 - Sync for product 3
2020-02-17 12:14:19 - Sync for product 7
2020-02-17 13:24:20 - Sync for product 7
2020-02-17 14:47:03 - Sync for product 6
2020-02-28 18:19:00 - Sync for product 5
2020-02-28 18:22:35 - Sync for product 9
2020-02-28 18:29:38 - Sync for product 6
2020-02-28 18:32:30 - Sync for product 6
2020-02-28 18:33:51 - Sync for product 6
2020-02-28 18:34:10 - Sync for product 6
2020-02-28 18:36:05 - Sync for product 6
2020-02-28 18:37:02 - Sync for product 6
2020-03-10 20:17:16 - Sync for product 3
2020-03-10 21:17:57 - Sync for product 3
2020-03-12 14:31:21 - Sync for product 3
2020-03-13 18:29:56 - Sync for product 10
2020-03-13 18:30:41 - Sync for product 10
2020-03-14 20:48:17 - Sync for product 10
2020-03-14 22:50:57 - Sync for product 11
2020-03-15 14:23:19 - Sync for product 10
2020-03-15 15:12:39 - Sync for product 3
2020-03-15 15:14:24 - Sync for product 3
2020-03-15 20:36:13 - Sync for product 10
2020-03-15 20:40:03 - Sync for product 12
2020-03-15 20:40:28 - Sync for product 11
2020-03-15 23:16:13 - Delete for products - 10
2020-03-20 13:13:53 - Sync for product 5
2020-03-20 13:21:17 - Sync for product 3
2020-03-20 16:50:24 - Sync for product 3
2020-03-23 13:53:01 - Sync for product 8
2020-03-23 20:56:11 - Sync for product 5
2020-03-23 20:57:10 - Sync for product 5
2020-03-24 19:58:02 - Sync for product 29
2020-03-24 20:39:48 - Sync for product 29
2020-03-24 20:47:37 - Sync for product 29
2020-03-24 20:53:58 - Sync for product 29
2020-03-24 20:55:42 - Sync for product 29
2020-03-24 21:03:42 - Sync for product 29
2020-03-25 0:23:01 - Sync for product 29
2020-03-25 11:31:48 - Sync for product 15
2020-03-25 11:32:56 - Sync for product 14
2020-03-25 11:34:14 - Sync for product 19
2020-03-25 11:35:01 - Sync for product 18
2020-03-25 11:35:24 - Sync for product 17
2020-03-25 11:36:14 - Sync for product 16
2020-03-25 11:36:24 - Sync for product 16
2020-03-25 11:37:22 - Sync for product 34
2020-03-25 11:37:54 - Sync for product 22
2020-03-25 11:38:10 - Sync for product 22
2020-03-25 11:38:40 - Sync for product 37
2020-03-25 11:38:52 - Sync for product 37
2020-03-25 11:39:19 - Sync for product 26
2020-03-25 11:39:50 - Sync for product 36
2020-03-25 11:40:54 - Sync for product 27
2020-03-25 11:41:03 - Sync for product 27
2020-03-25 11:41:06 - Sync for product 27
2020-03-25 11:41:54 - Sync for product 38
2020-03-25 11:42:58 - Sync for product 23
2020-03-25 11:43:28 - Sync for product 35
2020-03-25 11:43:44 - Sync for product 29
2020-03-25 11:44:20 - Sync for product 20
2020-03-25 11:45:18 - Sync for product 31
2020-03-25 11:45:43 - Sync for product 30
2020-03-25 11:46:11 - Sync for product 33
2020-03-25 11:46:19 - Sync for product 33
2020-03-25 11:46:48 - Sync for product 25
2020-03-25 11:48:07 - Sync for product 21
2020-03-25 11:48:36 - Sync for product 41
2020-03-25 11:49:11 - Sync for product 42
2020-03-25 11:49:47 - Sync for product 24
2020-03-25 11:49:57 - Sync for product 42
2020-03-25 11:50:07 - Sync for product 24
2020-03-25 11:50:32 - Sync for product 13
2020-03-25 11:51:03 - Sync for product 28
2020-03-25 11:51:17 - Sync for product 13
2020-03-25 11:51:26 - Sync for product 28
2020-03-25 11:51:36 - Sync for product 28
2020-03-25 11:52:03 - Sync for product 32
2020-03-25 11:52:36 - Sync for product 40
2020-03-25 11:53:06 - Sync for product 39
2020-03-25 11:58:45 - Sync for product 15
2020-03-25 11:59:04 - Sync for product 14
2020-03-25 11:59:24 - Sync for product 19
2020-03-25 11:59:41 - Sync for product 18
2020-03-25 12:00:06 - Sync for product 17
2020-03-25 12:00:19 - Sync for product 16
2020-03-25 12:01:50 - Sync for product 34
2020-03-25 13:44:48 - Sync for product 22
2020-03-25 13:47:36 - Sync for product 25
2020-03-25 13:48:14 - Sync for product 21
2020-03-25 13:49:54 - Sync for product 41
2020-03-25 13:50:06 - Sync for product 21
2020-03-25 13:50:27 - Sync for product 41
2020-03-25 13:50:37 - Sync for product 41
2020-03-25 13:50:56 - Sync for product 42
2020-03-25 13:52:11 - Sync for product 24
2020-03-25 13:52:40 - Sync for product 13
2020-03-25 13:53:09 - Sync for product 28
2020-03-25 13:53:21 - Sync for product 28
2020-03-25 13:53:46 - Sync for product 32
2020-03-25 13:54:32 - Sync for product 40
2020-03-25 13:54:56 - Sync for product 39
2020-03-25 13:55:52 - Sync for product 30
2020-03-25 13:56:51 - Sync for product 33
2020-03-25 13:57:06 - Sync for product 30
2020-03-25 13:58:56 - Sync for product 29
2020-03-25 14:00:15 - Sync for product 37
2020-03-25 14:00:38 - Sync for product 26
2020-03-25 14:01:20 - Sync for product 36
2020-03-25 14:01:59 - Sync for product 27
2020-03-25 14:02:45 - Sync for product 38
2020-03-25 14:03:11 - Sync for product 23
2020-03-25 14:04:19 - Sync for product 35
2020-03-25 14:05:03 - Sync for product 29
2020-03-25 14:05:29 - Sync for product 20
2020-03-25 14:06:16 - Sync for product 20
2020-03-25 14:06:46 - Sync for product 31
2020-03-25 14:07:09 - Sync for product 30
2020-03-25 14:07:36 - Sync for product 33
2020-03-26 15:32:10 - Delete for products - 15,14,19,18,17,16,34,22,37,26,36,27,38,23,29,20,31,30,33
2020-03-26 15:32:39 - Delete for products - 35,25,21,41,42,24,13,28,32,40,39
2020-03-26 15:42:37 - Sync for product 43
2020-03-26 15:42:56 - Sync for product 43
2020-03-26 15:47:04 - Sync for product 44
2020-03-26 15:49:44 - Sync for product 45
2020-03-26 15:56:11 - Sync for product 46
2020-03-26 15:56:25 - Sync for product 45
2020-03-26 15:56:35 - Sync for product 46
2020-03-26 16:00:07 - Sync for product 47
2020-03-26 16:01:40 - Sync for product 47
2020-03-26 16:02:00 - Sync for product 46
2020-03-26 16:04:25 - Sync for product 48
2020-03-26 16:10:53 - Sync for product 49
2020-03-26 16:17:04 - Sync for product 50
2020-03-26 16:22:44 - Sync for product 51
2020-03-26 16:26:03 - Sync for product 52
2020-03-26 16:28:48 - Sync for product 53
2020-03-26 16:31:18 - Sync for product 54
2020-03-26 16:36:26 - Sync for product 55
2020-03-26 16:40:51 - Sync for product 56
2020-03-26 16:44:54 - Sync for product 57
2020-03-26 16:48:58 - Sync for product 58
2020-03-26 16:53:48 - Sync for product 59
2020-03-26 16:58:59 - Sync for product 60
2020-03-26 17:02:59 - Sync for product 61
2020-03-26 17:06:51 - Sync for product 62
2020-03-26 17:11:34 - Sync for product 63
2020-03-26 17:15:46 - Sync for product 64
2020-03-26 17:22:17 - Sync for product 65
2020-03-26 17:25:24 - Sync for product 66
2020-03-26 17:29:59 - Sync for product 67
2020-03-26 17:34:04 - Sync for product 68
2020-03-26 17:36:42 - Sync for product 69
2020-03-26 17:41:03 - Sync for product 70
2020-03-26 17:46:09 - Sync for product 71
2020-03-26 17:48:39 - Sync for product 72
2020-03-26 17:52:29 - Sync for product 73
2020-03-26 18:00:28 - Sync for product 74
2020-03-29 0:16:42 - Sync for product 54
2020-03-30 11:31:13 - Sync for product 43
2020-03-30 11:32:45 - Sync for product 54
2020-03-30 11:34:10 - Sync for product 63
2020-03-30 11:34:59 - Sync for product 53
2020-03-30 11:37:25 - Sync for product 53
2020-03-30 11:38:27 - Sync for product 68
2020-03-30 11:39:38 - Sync for product 70
2020-03-30 11:41:31 - Sync for product 73
2020-03-30 11:42:45 - Sync for product 59
2020-03-30 11:42:57 - Sync for product 59
2020-03-30 11:44:07 - Sync for product 69
2020-03-30 11:45:01 - Sync for product 60
2020-03-30 11:45:59 - Sync for product 67
2020-03-30 11:48:52 - Sync for product 61
2020-03-30 11:49:54 - Sync for product 55
2020-03-30 11:51:09 - Sync for product 55
2020-03-30 11:52:07 - Sync for product 72
2020-03-30 11:53:59 - Sync for product 71
2020-03-30 11:54:54 - Sync for product 62
2020-03-30 11:55:59 - Sync for product 57
2020-03-30 11:58:18 - Sync for product 58
2020-03-30 12:00:13 - Sync for product 64
2020-03-30 12:03:10 - Sync for product 51
2020-03-30 12:04:52 - Sync for product 44
2020-03-30 12:05:29 - Sync for product 56
2020-03-30 12:06:41 - Sync for product 66
2020-03-30 12:07:57 - Sync for product 52
2020-03-30 12:08:46 - Sync for product 50
2020-03-30 13:23:47 - Sync for product 52
2020-03-30 13:24:00 - Sync for product 50
2020-03-30 13:24:34 - Sync for product 46
2020-03-30 13:25:22 - Sync for product 47
2020-03-30 13:43:39 - Sync for product 45
2020-03-30 13:43:56 - Sync for product 47
2020-03-30 13:44:49 - Sync for product 45
2020-03-30 13:45:03 - Sync for product 45
2020-03-30 13:46:36 - Sync for product 48
2020-03-30 13:47:18 - Sync for product 65
2020-03-30 13:50:16 - Sync for product 74
2020-03-30 13:51:58 - Sync for product 74
2020-03-30 18:18:34 - Sync for product 74
2020-03-30 18:19:59 - Sync for product 43
2020-03-31 11:00:26 - Sync for product 74
2020-04-05 16:32:34 - Sync for product 43
2020-04-05 16:38:31 - Sync for product 65
2020-04-05 16:41:05 - Sync for product 52
2020-04-05 16:42:03 - Sync for product 66
2020-04-05 16:42:52 - Sync for product 56
2020-04-05 16:44:24 - Sync for product 51
2020-04-05 16:45:16 - Sync for product 64
2020-04-05 16:46:42 - Sync for product 58
2020-04-05 16:47:31 - Sync for product 57
2020-04-05 16:48:45 - Sync for product 62
2020-04-05 16:49:39 - Sync for product 71
2020-04-05 16:51:32 - Sync for product 72
2020-04-05 16:53:36 - Sync for product 55
2020-04-05 16:54:35 - Sync for product 61
2020-04-05 16:55:47 - Sync for product 67
2020-04-05 16:56:40 - Sync for product 60
2020-04-05 16:57:19 - Sync for product 69
2020-04-05 16:58:58 - Sync for product 59
2020-04-05 16:59:46 - Sync for product 73
2020-04-05 17:00:18 - Sync for product 73
2020-04-05 17:00:57 - Sync for product 53
2020-04-05 17:01:39 - Sync for product 70
2020-04-05 17:03:29 - Sync for product 68
2020-04-05 17:04:22 - Sync for product 63
2020-04-05 17:05:01 - Sync for product 54
2020-04-05 17:12:57 - Sync for product 50
2020-04-05 17:13:24 - Sync for product 44
2020-04-05 17:29:42 - Sync for product 46
2020-04-05 17:30:22 - Sync for product 47
2020-04-05 17:32:43 - Sync for product 45
2020-04-05 17:33:08 - Sync for product 49
2020-04-05 17:34:03 - Sync for product 48
2020-04-05 17:34:25 - Sync for product 74
2020-04-05 17:37:07 - Sync for product 43
2020-04-06 13:29:45 - Sync for product 71
2020-04-06 13:31:58 - Sync for product 71
2020-04-06 13:33:25 - Sync for product 71
2020-04-06 13:35:54 - Sync for product 72
2020-04-06 14:13:43 - Sync for product 70
2020-04-06 15:22:28 - Sync for product 68
2020-04-06 15:27:54 - Sync for product 61
2020-04-06 15:28:56 - Sync for product 61
2020-04-06 15:32:07 - Sync for product 55
2020-04-06 15:32:33 - Sync for product 52
2020-04-06 15:35:22 - Sync for product 65
2020-04-09 16:03:04 - Sync for product 63
2020-04-09 16:53:12 - Sync for product 63
2020-04-09 17:32:13 - Sync for product 61
2020-04-09 17:35:46 - Sync for product 43
2020-04-09 17:36:21 - Sync for product 54
2020-04-09 17:36:38 - Sync for product 59
2020-04-09 17:37:01 - Sync for product 53
2020-04-09 17:39:56 - Sync for product 68
2020-04-09 17:43:54 - Sync for product 70
2020-04-09 17:44:12 - Sync for product 69
2020-04-09 17:44:32 - Sync for product 60
2020-04-09 17:44:46 - Sync for product 73
2020-04-09 17:45:10 - Sync for product 67
2020-04-09 17:45:41 - Sync for product 55
2020-04-09 17:45:55 - Sync for product 72
2020-04-09 17:46:08 - Sync for product 71
2020-04-09 17:46:35 - Sync for product 62
2020-04-09 17:46:52 - Sync for product 57
2020-04-09 17:47:09 - Sync for product 58
2020-04-09 17:47:33 - Sync for product 64
2020-04-09 17:47:52 - Sync for product 51
2020-04-09 17:48:11 - Sync for product 44
2020-04-09 17:48:26 - Sync for product 56
2020-04-09 17:48:44 - Sync for product 66
2020-04-09 17:49:06 - Sync for product 52
2020-04-09 17:49:29 - Sync for product 50
2020-04-09 17:50:51 - Sync for product 46
2020-04-09 17:51:04 - Sync for product 46
2020-04-09 17:51:27 - Sync for product 46
2020-04-09 17:51:44 - Sync for product 47
2020-04-09 17:56:42 - Sync for product 45
2020-04-09 17:57:28 - Sync for product 49
2020-04-09 17:58:42 - Sync for product 48
2020-04-09 17:59:13 - Sync for product 65
2020-04-09 18:00:00 - Sync for product 74
2020-04-09 18:01:00 - Sync for product 44
2020-04-09 18:01:50 - Sync for product 56
2020-04-09 18:02:17 - Sync for product 66
2020-04-09 18:07:41 - Sync for product 52
2020-04-09 18:07:57 - Sync for product 50
2020-04-09 18:08:44 - Sync for product 74
2020-04-10 23:15:55 - Sync for product 43
2020-04-10 23:16:13 - Sync for product 54
2020-04-10 23:16:34 - Sync for product 63
2020-04-10 23:17:05 - Sync for product 59
2020-04-10 23:20:04 - Sync for product 53
2020-04-10 23:20:23 - Sync for product 68
2020-04-10 23:22:10 - Sync for product 70
2020-04-10 23:22:32 - Sync for product 69
2020-04-10 23:23:14 - Sync for product 60
2020-04-10 23:24:04 - Sync for product 73
2020-04-10 23:25:18 - Sync for product 67
2020-04-10 23:25:33 - Sync for product 61
2020-04-10 23:25:58 - Sync for product 55
2020-04-10 23:26:15 - Sync for product 72
2020-04-10 23:26:44 - Sync for product 71
2020-04-10 23:27:29 - Sync for product 62
2020-04-10 23:27:45 - Sync for product 64
2020-04-10 23:28:11 - Sync for product 51
2020-04-10 23:29:35 - Sync for product 45
2020-04-10 23:30:18 - Sync for product 49
2020-04-10 23:30:38 - Sync for product 48
2020-04-10 23:30:57 - Sync for product 65
2020-04-10 23:31:20 - Sync for product 74
2020-04-10 23:32:10 - Sync for product 44
2020-04-10 23:32:21 - Sync for product 50
2020-04-10 23:32:32 - Sync for product 46
2020-04-10 23:32:51 - Sync for product 47
2020-04-10 23:33:01 - Sync for product 45
2020-04-10 23:33:27 - Sync for product 49
2020-04-10 23:33:41 - Sync for product 48
2020-04-10 23:33:52 - Sync for product 65
2020-04-10 23:34:04 - Sync for product 74
2020-04-10 23:48:51 - Sync for product 44
2020-04-10 23:49:51 - Sync for product 44
2020-04-10 23:51:12 - Sync for product 56
2020-04-10 23:53:28 - Sync for product 66
2020-04-10 23:54:03 - Sync for product 52
2020-04-10 23:54:35 - Sync for product 50
2020-04-10 23:55:18 - Sync for product 46
2020-04-10 23:55:57 - Sync for product 47
2020-04-10 23:56:24 - Sync for product 45
2020-04-10 23:57:04 - Sync for product 49
2020-04-10 23:57:39 - Sync for product 48
2020-04-10 23:58:08 - Sync for product 65
2020-04-10 23:58:38 - Sync for product 74
2020-04-15 14:13:40 - Sync for product 62
2020-04-15 20:11:54 - Sync for product 43
2020-04-16 9:28:39 - Sync for product 54
2020-04-16 9:28:57 - Sync for product 63
2020-04-16 9:29:15 - Sync for product 59
2020-04-16 9:29:33 - Sync for product 53
2020-04-16 9:30:26 - Sync for product 68
2020-04-16 9:30:56 - Sync for product 70
2020-04-16 9:31:16 - Sync for product 69
2020-04-16 9:31:32 - Sync for product 60
2020-04-16 9:32:08 - Sync for product 73
2020-04-16 9:35:46 - Sync for product 67
2020-04-16 9:36:02 - Sync for product 61
2020-04-16 9:36:20 - Sync for product 55
2020-04-16 9:36:37 - Sync for product 72
2020-04-16 9:39:26 - Sync for product 71
2020-04-16 9:39:43 - Sync for product 62
2020-04-16 9:40:00 - Sync for product 57
2020-04-16 9:41:15 - Sync for product 58
2020-04-16 9:41:30 - Sync for product 64
2020-04-16 9:41:49 - Sync for product 51
2020-04-16 9:44:38 - Sync for product 44
2020-04-16 9:44:57 - Sync for product 56
2020-04-16 9:45:44 - Sync for product 66
2020-04-16 9:46:02 - Sync for product 52
2020-04-16 9:46:20 - Sync for product 50
2020-04-16 9:48:41 - Sync for product 43
2020-04-16 9:53:06 - Sync for product 43
2020-04-16 9:55:06 - Sync for product 43
2020-04-16 13:01:21 - Sync for product 46
2020-04-16 13:01:39 - Sync for product 47
2020-04-16 13:01:59 - Sync for product 45
2020-04-16 13:04:19 - Sync for product 49
2020-04-16 13:04:43 - Sync for product 48
2020-04-16 13:05:23 - Sync for product 65
2020-04-16 13:06:10 - Sync for product 65
2020-04-16 13:06:14 - Sync for product 65
2020-04-16 13:32:41 - Sync for product 62
2020-04-16 14:05:45 - Sync for product 43
2020-04-16 14:07:19 - Sync for product 43
2020-04-16 14:07:51 - Sync for product 54
2020-04-16 14:57:22 - Sync for product 75
2020-04-16 14:57:58 - Sync for product 75
2020-04-16 23:55:08 - Get Sample product feed
2020-04-16 23:55:08 - Complete - Get Sample product feed
2020-04-17 0:23:08 - Sync for product 43
2020-04-17 0:30:03 - Sync for product 62
2020-04-17 0:32:22 - Sync for product 62
2020-04-17 0:35:46 - Sync for product 62
2020-04-17 0:35:50 - Sync for product 62
2020-04-17 0:37:38 - Sync for product 63
2020-04-17 0:38:45 - Sync for product 59
2020-04-17 0:40:38 - Sync for product 53
2020-04-17 0:44:27 - Sync for product 68
2020-04-17 0:50:55 - Sync for product 44
2020-04-17 0:52:41 - Sync for product 44
2020-04-17 0:55:23 - Sync for product 43
2020-04-17 0:59:05 - Sync for product 43
2020-04-17 1:00:36 - Sync for product 43
2020-04-17 1:07:18 - Sync for product 46
2020-04-17 1:11:45 - Sync for product 46
2020-04-17 1:12:31 - Sync for product 46
2020-04-17 1:22:28 - Sync for product 46
2020-04-17 1:25:43 - Sync for product 46
2020-04-17 1:32:58 - Sync for product 46
2020-04-17 1:36:25 - Sync for product 46
2020-04-17 1:36:56 - Sync for product 46
2020-04-17 15:34:42 - Sync for product 59
2020-04-17 15:57:53 - Sync for product 76
2020-04-17 15:59:31 - Sync for product 50
2020-04-17 16:01:43 - Sync for product 76
2020-04-17 16:28:21 - Sync for product 77
2020-04-17 16:31:26 - Sync for product 77
2020-04-17 16:31:43 - Sync for product 76
2020-04-17 16:36:08 - Sync for product 77
2020-04-17 16:37:35 - Sync for product 63
2020-04-17 16:39:31 - Sync for product 63
2020-04-17 17:09:38 - Sync for product 78
2020-04-17 17:11:01 - Sync for product 78
2020-04-17 17:19:55 - Sync for product 78
2020-04-17 17:21:45 - Sync for product 78
2020-04-17 17:23:31 - Sync for product 78
2020-04-17 17:24:13 - Sync for product 78
2020-04-17 17:44:45 - Sync for product 78
2020-04-17 18:00:24 - Sync for product 78
2020-04-17 18:03:48 - Sync for product 78
2020-04-17 18:16:19 - Sync for product 79
2020-04-17 18:20:15 - Sync for product 79
2020-04-17 18:27:25 - Sync for product 80
2020-04-17 18:29:01 - Sync for product 80
2020-04-17 18:42:35 - Sync for product 78
2020-04-17 18:42:49 - Sync for product 78
2020-04-17 18:43:35 - Sync for product 78
2020-04-17 18:47:28 - Sync for product 79
2020-04-17 18:55:58 - Sync for product 76
2020-04-17 18:57:23 - Sync for product 76
2020-04-17 18:59:04 - Sync for product 76
2020-04-17 19:03:46 - Sync for product 81
2020-04-17 19:05:31 - Delete for products - 81
2020-04-17 19:20:20 - Sync for product 82
2020-04-17 19:23:45 - Sync for product 82
2020-04-17 19:35:36 - Sync for product 83
2020-04-17 19:41:09 - Sync for product 83
2020-04-17 19:42:51 - Sync for product 83
2020-04-17 19:46:34 - Sync for product 79
2020-04-17 19:48:02 - Sync for product 79
2020-04-17 19:49:44 - Sync for product 79
2020-04-17 19:51:00 - Sync for product 83
2020-04-17 19:51:42 - Sync for product 83
2020-04-17 20:00:58 - Sync for product 84
2020-04-17 21:16:05 - Sync for product 85
2020-04-17 21:28:38 - Sync for product 86
2020-04-17 21:29:51 - Sync for product 86
2020-04-17 21:31:45 - Sync for product 80
2020-04-17 21:43:32 - Sync for product 87
2020-04-17 21:47:36 - Sync for product 88
2020-04-17 21:52:08 - Sync for product 88
2020-04-17 21:59:10 - Sync for product 89
2020-04-17 22:03:03 - Sync for product 90
2020-04-17 22:03:23 - Sync for product 80
2020-04-17 22:05:50 - Sync for product 90
2020-04-17 22:06:44 - Sync for product 90
2020-04-17 22:07:06 - Sync for product 82
2020-04-17 22:11:47 - Sync for product 91
2020-04-17 22:16:06 - Sync for product 43
2020-04-17 22:24:32 - Sync for product 85
2020-04-17 22:28:17 - Sync for product 85
2020-04-17 22:43:16 - Sync for product 88
2020-04-17 23:04:49 - Sync for product 79
2020-04-17 23:10:06 - Sync for product 91
2020-04-17 23:13:40 - Sync for product 82
2020-04-17 23:21:40 - Sync for product 87
2020-04-17 23:21:43 - Sync for product 87
2020-04-17 23:43:03 - Sync for product 87
2020-04-17 23:44:06 - Sync for product 87
2020-04-17 23:44:40 - Sync for product 85
2020-04-17 23:50:59 - Sync for product 85
2020-04-18 0:00:31 - Sync for product 85
2020-04-18 1:13:14 - Sync for product 87
2020-04-18 1:19:10 - Sync for product 85
2020-04-18 1:23:05 - Sync for product 79
2020-04-18 1:33:07 - Sync for product 91
2020-04-18 1:35:47 - Sync for product 91
2020-04-18 1:39:47 - Sync for product 88
2020-04-18 1:44:13 - Sync for product 82
2020-04-18 1:46:37 - Sync for product 80
2020-04-18 1:54:17 - Sync for product 84
2020-04-18 1:59:22 - Sync for product 86
2020-04-18 2:02:17 - Sync for product 90
2020-04-18 2:07:28 - Sync for product 89
2020-04-18 2:15:24 - Sync for product 78
2020-04-18 2:15:53 - Sync for product 84
2020-04-18 2:16:52 - Sync for product 82
2020-04-18 2:17:12 - Sync for product 87
2020-04-18 2:17:48 - Sync for product 80
2020-04-18 2:18:08 - Sync for product 90
2020-04-18 2:18:30 - Sync for product 89
2020-04-18 2:22:47 - Sync for product 43
2020-04-18 2:25:07 - Sync for product 83
2020-04-18 2:26:34 - Sync for product 83
2020-04-18 2:27:09 - Sync for product 83
2020-04-18 2:36:16 - Sync for product 44
2020-04-18 2:37:20 - Sync for product 44
2020-04-18 11:16:32 - Sync for product 87
2020-04-18 11:27:08 - Sync for product 85
2020-04-18 11:31:13 - Sync for product 79
2020-04-18 12:11:18 - Sync for product 79
2020-04-18 12:14:26 - Sync for product 91
2020-04-18 12:47:08 - Sync for product 44
2020-04-18 12:47:23 - Sync for product 44
2020-04-18 12:52:19 - Sync for product 88
2020-04-18 12:55:34 - Sync for product 82
2020-04-18 12:55:52 - Sync for product 82
2020-04-18 12:59:38 - Sync for product 80
2020-04-18 13:00:00 - Sync for product 87
2020-04-18 13:00:53 - Sync for product 80
2020-04-18 17:55:20 - Sync for product 87
2020-04-18 17:56:12 - Sync for product 87
2020-04-18 17:57:24 - Sync for product 87
2020-04-18 17:58:55 - Sync for product 87
2020-04-18 17:59:42 - Sync for product 87
2020-04-18 18:00:54 - Sync for product 87
2020-04-18 18:01:51 - Sync for product 87
2020-04-18 18:02:13 - Sync for product 87
2020-04-18 18:03:16 - Sync for product 87
2020-04-18 18:03:45 - Sync for product 87
2020-04-18 18:04:33 - Sync for product 87
2020-04-18 18:05:23 - Sync for product 87
2020-04-18 18:06:03 - Sync for product 87
2020-04-18 18:06:59 - Sync for product 87
2020-04-18 18:07:33 - Sync for product 87
2020-04-18 18:08:47 - Sync for product 87
2020-04-18 18:09:48 - Sync for product 87
2020-04-18 18:11:08 - Sync for product 85
2020-04-18 18:12:25 - Sync for product 85
2020-04-18 18:13:28 - Sync for product 85
2020-04-18 18:14:58 - Sync for product 85
2020-04-18 18:17:17 - Sync for product 85
2020-04-18 18:20:49 - Sync for product 85
2020-04-18 18:24:18 - Sync for product 85
2020-04-18 18:25:30 - Sync for product 85
2020-04-18 18:26:30 - Sync for product 85
2020-04-18 18:27:16 - Sync for product 85
2020-04-18 18:27:48 - Sync for product 85
2020-04-18 18:28:11 - Sync for product 85
2020-04-18 18:28:59 - Sync for product 85
2020-04-18 18:29:37 - Sync for product 85
2020-04-18 18:30:18 - Sync for product 85
2020-04-18 18:30:44 - Sync for product 85
2020-04-18 18:34:26 - Sync for product 85
2020-04-18 18:34:53 - Sync for product 85
2020-04-18 18:35:25 - Sync for product 85
2020-04-18 18:37:23 - Sync for product 79
2020-04-18 18:39:46 - Sync for product 79
2020-04-18 18:40:58 - Sync for product 87
2020-04-18 19:28:29 - Sync for product 87
2020-04-18 19:29:40 - Sync for product 87
2020-04-18 19:31:35 - Sync for product 87
2020-04-18 19:32:59 - Sync for product 85
2020-04-18 19:34:22 - Sync for product 85
2020-04-18 19:36:04 - Sync for product 79
2020-04-18 19:36:42 - Sync for product 79
2020-04-18 19:44:01 - Sync for product 91
2020-04-18 19:44:40 - Sync for product 91
2020-04-18 19:45:24 - Sync for product 91
2020-04-18 19:46:38 - Sync for product 44
2020-04-18 19:50:30 - Sync for product 44
2020-04-18 19:51:35 - Sync for product 88
2020-04-18 19:52:13 - Sync for product 88
2020-04-18 19:53:59 - Sync for product 82
2020-04-18 19:55:24 - Sync for product 80
2020-04-18 19:56:09 - Sync for product 80
2020-04-18 19:57:16 - Sync for product 82
2020-04-18 19:59:27 - Sync for product 88
2020-04-18 20:00:15 - Sync for product 91
2020-04-18 20:02:20 - Sync for product 84
2020-04-18 20:03:30 - Sync for product 84
2020-04-18 20:03:48 - Sync for product 80
2020-04-18 20:03:50 - Sync for product 80
2020-04-18 20:04:07 - Sync for product 82
2020-04-18 20:04:23 - Sync for product 88
2020-04-18 20:04:37 - Sync for product 44
2020-04-18 20:04:49 - Sync for product 91
2020-04-18 20:05:01 - Sync for product 79
2020-04-18 20:05:52 - Sync for product 85
2020-04-18 20:07:14 - Sync for product 44
2020-04-18 20:09:59 - Sync for product 86
2020-04-18 20:11:16 - Sync for product 90
2020-04-18 20:11:48 - Sync for product 90
2020-04-18 20:13:36 - Sync for product 89
2020-04-18 20:14:08 - Sync for product 89
2020-04-18 20:17:23 - Sync for product 78
2020-04-18 20:18:52 - Sync for product 43
2020-04-18 20:19:44 - Sync for product 43
2020-04-18 20:21:04 - Sync for product 83
2020-04-18 20:40:06 - Sync for product 92
2020-04-18 20:41:34 - Sync for product 92
2020-04-18 20:59:24 - Sync for product 63
2020-04-18 21:00:20 - Sync for product 59
2020-04-18 21:01:10 - Sync for product 54
2020-04-18 21:01:32 - Sync for product 54
2020-04-18 21:01:53 - Sync for product 53
2020-04-18 21:02:13 - Sync for product 68
2020-04-18 21:02:50 - Sync for product 70
2020-04-18 21:03:24 - Sync for product 69
2020-04-18 21:04:00 - Sync for product 60
2020-04-18 21:04:23 - Sync for product 73
2020-04-18 21:05:04 - Sync for product 60
2020-04-18 21:05:33 - Sync for product 67
2020-04-18 21:06:07 - Sync for product 61
2020-04-18 21:08:01 - Sync for product 55
2020-04-18 21:08:40 - Sync for product 72
2020-04-18 21:09:15 - Sync for product 71
2020-04-18 21:09:38 - Sync for product 62
2020-04-18 21:10:00 - Sync for product 57
2020-04-18 21:10:15 - Sync for product 58
2020-04-18 21:10:48 - Sync for product 64
2020-04-18 21:11:38 - Sync for product 66
2020-04-18 21:11:58 - Sync for product 50
2020-04-18 21:12:22 - Sync for product 52
2020-04-18 21:12:58 - Sync for product 65
2020-04-18 21:13:24 - Sync for product 56
2020-04-18 21:13:42 - Sync for product 51
2020-04-18 21:14:33 - Sync for product 75
2020-04-18 21:15:11 - Sync for product 74
2020-04-18 21:17:25 - Sync for product 77
2020-04-18 21:17:36 - Sync for product 75
2020-04-18 21:23:39 - Sync for product 45
2020-04-18 21:24:50 - Sync for product 46
2020-04-18 21:26:11 - Sync for product 76
2020-04-18 21:26:46 - Sync for product 47
2020-04-18 21:27:10 - Sync for product 49
2020-04-18 21:27:28 - Sync for product 48
2020-04-18 21:29:03 - Sync for product 66
2020-04-18 21:29:49 - Sync for product 57
2020-04-18 21:31:23 - Sync for product 64
2020-04-18 21:32:17 - Sync for product 70
2020-04-18 21:33:29 - Sync for product 69
2020-04-18 21:34:39 - Sync for product 59
2020-04-18 21:35:25 - Sync for product 55
2020-04-18 21:36:08 - Sync for product 73
2020-04-18 21:37:14 - Sync for product 60
2020-04-18 22:24:19 - Sync for product 74
2020-04-18 22:28:10 - Sync for product 74
2020-04-18 22:32:11 - Sync for product 74
2020-04-18 22:34:02 - Sync for product 74
2020-04-18 23:01:26 - Sync for product 93
2020-04-18 23:02:27 - Sync for product 61
2020-04-18 23:45:36 - Sync for product 94
2020-04-18 23:46:06 - Delete for products - 93
2020-04-18 23:48:22 - Sync for product 94
2020-04-18 23:49:05 - Delete for products - 94
2020-04-19 0:03:49 - Sync for product 63
2020-04-19 0:04:35 - Sync for product 63
2020-04-19 0:09:24 - Sync for product 63
2020-04-19 0:11:43 - Sync for product 63
2020-04-19 0:11:58 - Sync for product 63
2020-04-19 11:37:31 - Sync for product 63
2020-04-19 11:39:05 - Sync for product 63
2020-04-19 11:42:46 - Sync for product 63
2020-04-19 11:55:56 - Sync for product 59
2020-04-19 12:08:40 - Sync for product 53
2020-04-19 12:09:16 - Sync for product 63
2020-04-19 12:24:36 - Sync for product 68
2020-04-19 12:28:01 - Sync for product 68
2020-04-19 12:29:12 - Sync for product 68
2020-04-19 12:29:36 - Sync for product 68
2020-04-19 12:30:01 - Sync for product 68
2020-04-19 12:30:55 - Sync for product 68
2020-04-19 12:54:05 - Sync for product 70
2020-04-19 12:56:40 - Sync for product 70
2020-04-19 12:57:22 - Sync for product 70
2020-04-19 12:58:25 - Sync for product 70
2020-04-19 13:07:30 - Sync for product 69
2020-04-19 13:18:21 - Sync for product 60
2020-04-19 13:29:11 - Sync for product 73
2020-04-19 13:31:02 - Sync for product 73
2020-04-19 13:39:14 - Sync for product 67
2020-04-19 13:40:48 - Sync for product 67
2020-04-19 13:41:50 - Sync for product 84
2020-04-19 13:45:35 - Sync for product 84
2020-04-19 13:46:19 - Sync for product 61
2020-04-19 13:51:48 - Sync for product 74
2020-04-19 13:53:03 - Sync for product 61
2020-04-19 13:53:23 - Sync for product 61
2020-04-19 13:54:27 - Sync for product 92
2020-04-19 13:56:48 - Sync for product 86
2020-04-19 13:58:25 - Sync for product 86
2020-04-19 14:03:08 - Sync for product 92
2020-04-19 14:13:14 - Sync for product 55
2020-04-19 14:14:09 - Sync for product 55
2020-04-19 15:22:32 - Sync for product 72
2020-04-19 15:22:52 - Sync for product 72
2020-04-19 15:28:56 - Sync for product 59
2020-04-19 15:29:30 - Sync for product 59
2020-04-19 15:36:33 - Sync for product 71
2020-04-19 18:32:35 - Sync for product 62
2020-04-19 18:33:00 - Sync for product 57
2020-04-19 18:33:48 - Sync for product 62
2020-04-19 18:35:18 - Sync for product 67
2020-04-19 18:45:48 - Sync for product 57
2020-04-19 18:46:24 - Sync for product 62
2020-04-19 18:55:30 - Sync for product 58
2020-04-19 18:55:48 - Sync for product 58
2020-04-19 19:04:19 - Sync for product 64
2020-04-19 19:13:25 - Sync for product 51
2020-04-19 19:17:27 - Sync for product 60
2020-04-19 19:20:12 - Sync for product 56
2020-04-19 19:27:02 - Sync for product 56
2020-04-19 20:40:20 - Sync for product 66
2020-04-19 20:49:01 - Sync for product 52
2020-04-19 20:54:09 - Sync for product 50
2020-04-19 20:56:09 - Sync for product 50
2020-04-19 20:58:54 - Sync for product 50
2020-04-19 20:59:44 - Delete for products - 75
2020-04-19 21:02:02 - Delete for products - 65
2020-04-19 21:02:39 - Delete for products - 54
2020-04-19 21:08:47 - Sync for product 76
2020-04-19 21:30:41 - Sync for product 47
2020-04-19 21:37:40 - Sync for product 46
2020-04-19 21:39:08 - Sync for product 46
2020-04-19 21:50:07 - Sync for product 49
2020-04-19 21:58:41 - Sync for product 48
2020-04-19 22:03:14 - Sync for product 44
2020-04-19 22:13:05 - Sync for product 74
2020-04-19 22:15:16 - Sync for product 74
2020-04-19 22:17:50 - Sync for product 74
2020-04-19 22:55:37 - Sync for product 74
2020-04-19 22:59:22 - Sync for product 43
2020-04-19 23:05:46 - Sync for product 45
2020-04-19 23:20:51 - Get Sample product feed
2020-04-19 23:20:51 - Complete - Get Sample product feed
2020-04-19 23:20:54 - Get Sample product feed
2020-04-19 23:20:55 - Complete - Get Sample product feed
2020-04-20 13:39:52 - Sync for product 63
2020-04-20 13:40:08 - Sync for product 87
2020-04-20 13:40:28 - Sync for product 53
2020-04-20 13:40:48 - Sync for product 85
2020-04-20 13:42:12 - Sync for product 68
2020-04-20 13:42:23 - Sync for product 70
2020-04-20 13:42:34 - Sync for product 69
2020-04-20 13:42:45 - Sync for product 86
2020-04-20 13:42:58 - Sync for product 92
2020-04-20 13:43:10 - Sync for product 51
2020-04-20 13:43:20 - Sync for product 79
2020-04-20 13:43:36 - Sync for product 52
2020-04-20 13:43:49 - Sync for product 67
2020-04-20 13:44:02 - Sync for product 61
2020-04-20 13:44:13 - Sync for product 91
2020-04-20 13:44:26 - Sync for product 44
2020-04-20 13:44:38 - Sync for product 72
2020-04-20 13:44:49 - Sync for product 59
2020-04-20 13:45:05 - Sync for product 71
2020-04-20 13:45:16 - Sync for product 62
2020-04-20 13:45:37 - Sync for product 55
2020-04-20 13:45:47 - Sync for product 57
2020-04-20 13:45:57 - Sync for product 88
2020-04-20 13:46:08 - Sync for product 88
2020-04-20 13:46:17 - Sync for product 58
2020-04-20 13:46:26 - Sync for product 60
2020-04-20 13:46:42 - Sync for product 73
2020-04-20 13:46:59 - Sync for product 82
2020-04-20 13:47:08 - Sync for product 56
2020-04-20 13:47:30 - Sync for product 56
2020-04-20 13:47:45 - Sync for product 66
2020-04-20 13:47:59 - Sync for product 74
2020-04-20 13:48:10 - Sync for product 80
2020-04-20 13:48:22 - Sync for product 64
2020-04-20 13:48:36 - Sync for product 47
2020-04-20 13:48:48 - Sync for product 77
2020-04-20 13:49:02 - Sync for product 84
2020-04-20 13:49:14 - Sync for product 48
2020-04-20 13:49:30 - Sync for product 49
2020-04-20 13:49:43 - Sync for product 46
2020-04-20 13:50:00 - Sync for product 50
2020-04-20 13:50:12 - Sync for product 76
2020-04-20 13:50:33 - Sync for product 90
2020-04-20 13:50:42 - Sync for product 89
2020-04-20 13:50:52 - Sync for product 45
2020-04-20 13:51:08 - Sync for product 78
2020-04-20 13:51:19 - Sync for product 43
2020-04-20 13:51:33 - Sync for product 83
2020-04-20 17:41:35 - Sync for product 74
2020-04-20 21:31:31 - Sync for product 87
2020-04-20 21:32:24 - Sync for product 87
2020-04-20 21:35:22 - Sync for product 74
2020-04-20 21:37:18 - Sync for product 74
2020-04-20 21:38:20 - Sync for product 74
2020-04-20 21:41:08 - Sync for product 74
2020-04-20 21:41:52 - Sync for product 74
2020-04-20 21:53:02 - Sync for product 74
2020-04-21 0:23:26 - Sync for product 68
2020-04-21 1:35:01 - Sync for product 50
2020-04-21 1:36:05 - Sync for product 50
2020-04-21 1:37:58 - Sync for product 50
2020-04-21 1:38:32 - Sync for product 50
2020-04-21 1:45:53 - Sync for product 50
2020-04-21 1:46:10 - Sync for product 50
2020-04-21 1:46:35 - Sync for product 50
2020-04-21 1:46:51 - Sync for product 50
2020-04-21 1:47:22 - Sync for product 50
2020-04-21 1:54:25 - Sync for product 50
2020-04-21 2:00:43 - Sync for product 50
2020-04-21 4:58:15 - Sync for product 63
2020-04-21 5:04:12 - Sync for product 53
2020-04-21 5:09:24 - Sync for product 68
2020-04-21 5:12:32 - Sync for product 70
2020-04-21 5:16:54 - Sync for product 69
2020-04-21 5:20:21 - Sync for product 51
2020-04-21 5:23:12 - Sync for product 52
2020-04-21 5:24:30 - Sync for product 67
2020-04-21 5:27:35 - Sync for product 61
2020-04-21 5:30:15 - Sync for product 72
2020-04-21 5:30:47 - Sync for product 59
2020-04-21 5:31:12 - Sync for product 71
2020-04-21 5:33:16 - Sync for product 62
2020-04-21 5:35:31 - Sync for product 55
2020-04-21 5:38:07 - Sync for product 57
2020-04-21 5:39:11 - Sync for product 60
2020-04-21 5:42:12 - Sync for product 56
2020-04-21 5:42:36 - Sync for product 66
2020-04-21 5:43:01 - Sync for product 64
2020-04-21 5:44:40 - Sync for product 77
2020-04-21 5:47:32 - Sync for product 77
2020-04-21 5:49:22 - Sync for product 50
2020-04-21 5:53:51 - Sync for product 76
2020-04-21 6:04:49 - Sync for product 43
2020-04-21 6:14:15 - Sync for product 44
2020-04-21 6:36:23 - Sync for product 78
2020-04-21 6:37:51 - Sync for product 78
2020-04-21 6:42:14 - Sync for product 78
2020-04-21 6:43:18 - Sync for product 78
2020-04-21 6:44:01 - Sync for product 78
2020-04-21 6:54:02 - Sync for product 79
2020-04-21 7:01:48 - Sync for product 80
2020-04-21 7:09:02 - Sync for product 82
2020-04-21 7:15:25 - Sync for product 83
2020-04-21 7:24:28 - Sync for product 84
2020-04-21 12:02:19 - Sync for product 85
2020-04-21 12:42:34 - Sync for product 86
2020-04-21 12:43:39 - Sync for product 79
2020-04-21 12:54:19 - Sync for product 90
2020-04-21 15:50:30 - Sync for product 95
2020-04-21 16:13:10 - Sync for product 96
2020-04-21 21:54:34 - Sync for product 97
2020-04-21 22:03:20 - Sync for product 98
2020-04-21 22:32:02 - Sync for product 99
2020-04-21 22:47:46 - Sync for product 100
2020-04-21 23:12:17 - Sync for product 101
2020-04-21 23:12:42 - Sync for product 95
2020-04-21 23:29:47 - Sync for product 102
2020-04-21 23:30:24 - Sync for product 100
2020-04-22 0:11:48 - Sync for product 103
2020-04-22 0:30:27 - Sync for product 104
2020-04-22 0:43:17 - Sync for product 105
2020-04-22 13:44:10 - Get Sample product feed
2020-04-22 13:44:10 - Complete - Get Sample product feed
2020-04-22 13:44:36 - Get Sample product feed
2020-04-22 13:44:36 - Complete - Get Sample product feed
2020-04-22 14:12:03 - Sync for product 77
2020-04-22 15:28:24 - Sync for product 106
2020-04-22 15:47:28 - Sync for product 107
2020-04-22 15:49:18 - Sync for product 77
2020-04-22 15:50:13 - Sync for product 107
2020-04-22 17:48:01 - Sync for product 107
2020-04-22 17:49:39 - Sync for product 107
2020-04-22 17:50:38 - Sync for product 107
2020-04-22 17:52:23 - Sync for product 107
2020-04-22 17:53:33 - Sync for product 107
2020-04-22 17:54:15 - Sync for product 107
2020-04-22 17:59:31 - Update products for availability change - 107
2020-04-22 18:35:25 - Sync for product 107
2020-04-22 18:36:07 - Sync for product 63
2020-04-22 18:36:29 - Sync for product 53
2020-04-22 18:36:40 - Sync for product 68
2020-04-22 18:36:58 - Sync for product 70
2020-04-22 18:38:03 - Sync for product 69
2020-04-22 18:40:27 - Sync for product 51
2020-04-22 18:40:42 - Sync for product 63
2020-04-22 18:42:15 - Sync for product 53
2020-04-22 18:42:35 - Sync for product 68
2020-04-22 18:43:28 - Sync for product 70
2020-04-22 18:44:01 - Sync for product 69
2020-04-22 18:44:31 - Sync for product 52
2020-04-22 18:44:53 - Sync for product 67
2020-04-22 18:45:21 - Sync for product 61
2020-04-22 18:45:46 - Sync for product 72
2020-04-22 18:46:11 - Sync for product 59
2020-04-22 18:46:31 - Sync for product 71
2020-04-22 18:46:48 - Sync for product 62
2020-04-22 18:47:08 - Sync for product 55
2020-04-22 18:47:25 - Sync for product 57
2020-04-22 18:47:40 - Sync for product 58
2020-04-22 18:48:02 - Sync for product 60
2020-04-22 18:48:20 - Sync for product 73
2020-04-22 18:48:36 - Sync for product 56
2020-04-22 18:49:04 - Sync for product 66
2020-04-22 18:49:21 - Sync for product 64
2020-04-22 18:49:35 - Sync for product 105
2020-04-22 18:49:49 - Sync for product 77
2020-04-22 18:50:10 - Sync for product 102
2020-04-22 18:50:23 - Sync for product 96
2020-04-22 18:50:45 - Sync for product 107
2020-04-22 18:51:02 - Sync for product 106
2020-04-22 18:51:17 - Sync for product 104
2020-04-22 18:51:31 - Sync for product 100
2020-04-22 18:51:45 - Sync for product 103
2020-04-22 18:52:02 - Sync for product 98
2020-04-22 18:52:19 - Sync for product 50
2020-04-22 18:52:35 - Sync for product 99
2020-04-22 18:52:51 - Sync for product 95
2020-04-22 18:53:07 - Sync for product 76
2020-04-22 18:53:22 - Sync for product 97
2020-04-22 18:53:46 - Sync for product 101
2020-04-22 19:30:18 - Sync for product 90
2020-04-22 19:37:27 - Sync for product 89
2020-04-22 19:38:48 - Sync for product 45
2020-04-22 20:24:02 - Sync for product 45
2020-04-22 20:31:33 - Sync for product 78
2020-04-22 20:38:42 - Sync for product 43
2020-04-22 20:44:00 - Sync for product 83
2020-04-22 20:57:33 - Sync for product 63
2020-04-22 20:57:36 - Sync for product 63
2020-04-22 21:02:22 - Sync for product 53
2020-04-22 21:02:38 - Sync for product 63
2020-04-22 21:03:45 - Sync for product 53
2020-04-22 21:04:00 - Sync for product 53
2020-04-22 21:11:15 - Sync for product 53
2020-04-22 21:18:20 - Sync for product 68
2020-04-22 21:19:26 - Sync for product 53
2020-04-22 21:27:00 - Sync for product 70
2020-04-22 21:32:07 - Sync for product 69
2020-04-22 21:33:22 - Sync for product 51
2020-04-22 21:47:25 - Sync for product 52
2020-04-22 21:50:18 - Sync for product 67
2020-04-22 21:52:47 - Sync for product 61
2020-04-22 21:56:39 - Sync for product 72
2020-04-22 21:57:21 - Sync for product 59
2020-04-22 21:58:49 - Sync for product 71
2020-04-22 21:59:53 - Sync for product 62
2020-04-22 22:00:14 - Sync for product 55
2020-04-22 22:00:27 - Sync for product 71
2020-04-22 22:00:37 - Sync for product 62
2020-04-22 22:01:24 - Sync for product 55
2020-04-22 22:04:08 - Sync for product 57
2020-04-22 22:05:51 - Sync for product 58
2020-04-22 22:22:33 - Sync for product 58
2020-04-22 22:22:47 - Sync for product 60
2020-04-22 22:24:35 - Sync for product 60
2020-04-22 22:24:55 - Sync for product 73
2020-04-22 22:25:53 - Sync for product 73
2020-04-22 22:26:32 - Sync for product 73
2020-04-22 22:27:26 - Sync for product 56
2020-04-22 22:28:08 - Sync for product 66
2020-04-22 22:28:20 - Sync for product 60
2020-04-23 0:01:50 - Sync for product 97
2020-04-23 0:02:06 - Sync for product 97
2020-04-23 0:29:30 - Sync for product 108
2020-04-23 0:33:13 - Sync for product 97
2020-04-23 1:02:43 - Sync for product 77
2020-04-23 1:09:00 - Sync for product 109
2020-04-23 15:45:22 - Sync for product 64
2020-04-23 15:45:47 - Sync for product 70
2020-04-23 16:00:06 - Sync for product 64
2020-04-23 16:06:08 - Sync for product 60
2020-04-23 16:09:32 - Sync for product 105
2020-04-23 16:51:35 - Sync for product 77
2020-04-23 17:36:15 - Sync for product 102
2020-04-23 17:45:12 - Sync for product 96
2020-04-23 17:47:22 - Sync for product 107
2020-04-23 17:49:45 - Sync for product 106
2020-04-23 17:51:29 - Sync for product 104
2020-04-23 18:00:47 - Sync for product 100
2020-04-23 18:12:02 - Sync for product 103
2020-04-23 18:12:24 - Sync for product 103
2020-04-23 18:14:51 - Sync for product 98
2020-04-23 18:25:17 - Sync for product 50
2020-04-23 18:28:15 - Sync for product 99
2020-04-23 18:29:13 - Sync for product 95
2020-04-23 18:30:47 - Sync for product 76
2020-04-23 18:32:08 - Sync for product 108
2020-04-23 18:36:27 - Sync for product 109
2020-04-23 18:37:26 - Sync for product 97
2020-04-23 18:40:21 - Sync for product 101
2020-04-23 18:54:34 - Sync for product 47
2020-04-23 19:16:09 - Sync for product 47
2020-04-23 19:16:40 - Sync for product 87
2020-04-23 19:17:25 - Sync for product 47
2020-04-23 19:17:49 - Sync for product 92
2020-04-23 19:18:44 - Sync for product 48
2020-04-23 19:19:09 - Sync for product 86
2020-04-23 19:19:25 - Sync for product 82
2020-04-23 19:19:28 - Sync for product 82
2020-04-23 19:19:40 - Sync for product 47
2020-04-23 19:22:07 - Sync for product 48
2020-04-23 19:24:22 - Sync for product 49
2020-04-23 19:27:54 - Sync for product 46
2020-04-24 0:12:35 - Update products for availability change - 52,55,59,64,69,70
2020-04-24 13:40:19 - Sync for product 110
2020-04-24 16:34:29 - Sync for product 87
2020-04-24 16:39:27 - Sync for product 87
2020-04-24 16:58:34 - Sync for product 87
2020-04-24 20:10:01 - Sync for product 87
2020-04-24 22:33:21 - Sync for product 87
2020-04-24 22:33:46 - Sync for product 87
2020-04-25 23:38:29 - Sync for product 87
2020-04-25 23:50:36 - Sync for product 87
2020-04-25 23:55:02 - Sync for product 87
2020-04-26 0:11:10 - Sync for product 87
2020-04-26 14:18:45 - Sync for product 106
2020-04-26 14:21:43 - Sync for product 106
2020-04-26 14:25:52 - Sync for product 106
2020-04-26 14:29:22 - Sync for product 106
2020-04-28 13:10:46 - Sync for product 92
2020-04-28 13:13:21 - Sync for product 70
2020-04-28 13:17:02 - Sync for product 45
2020-04-28 13:19:11 - Sync for product 88
2020-04-28 13:20:25 - Sync for product 89
2020-04-28 14:06:21 - Sync for product 103
2020-04-28 14:08:23 - Sync for product 103
2020-04-28 16:20:28 - Sync for product 87
2020-04-28 16:24:06 - Sync for product 87
2020-04-28 16:28:08 - Sync for product 86
2020-04-28 16:33:34 - Sync for product 86
2020-04-28 20:21:15 - Sync for product 92
2020-04-28 22:19:35 - Sync for product 86
2020-04-28 22:26:40 - Sync for product 90
2020-04-28 22:29:10 - Sync for product 45
2020-04-28 22:30:21 - Sync for product 91
2020-04-28 22:33:14 - Sync for product 84
2020-04-28 22:36:21 - Sync for product 46
2020-04-28 22:39:25 - Sync for product 80
2020-04-29 2:05:52 - Sync for product 63
2020-04-29 2:07:20 - Sync for product 63
2020-04-29 2:08:16 - Sync for product 63
2020-04-29 2:16:04 - Sync for product 100
2020-04-29 18:01:27 - Sync for product 111
2020-04-29 18:08:02 - Sync for product 111
2020-04-29 18:08:40 - Sync for product 111
2020-04-29 18:11:46 - Sync for product 110
2020-04-29 21:46:59 - Sync for product 43
2020-04-29 21:55:51 - Sync for product 43
2020-04-29 21:56:53 - Sync for product 43
2020-04-30 0:24:40 - Sync for product 106
2020-04-30 0:27:15 - Sync for product 106
2020-04-30 0:30:49 - Sync for product 106
2020-04-30 0:33:06 - Sync for product 106
2020-04-30 0:34:21 - Sync for product 106
2020-05-01 1:56:06 - Sync for product 44
2020-05-01 1:57:16 - Sync for product 44
2020-05-01 2:09:12 - Sync for product 44
2020-05-01 2:28:53 - Sync for product 112
2020-05-01 2:32:21 - Sync for product 112
2020-05-01 2:35:13 - Sync for product 112
2020-05-01 2:37:17 - Sync for product 44
2020-05-01 2:38:15 - Sync for product 44
2020-05-01 2:41:16 - Sync for product 44
2020-05-01 2:42:45 - Sync for product 112
2020-05-01 2:43:32 - Sync for product 44
2020-05-01 2:59:35 - Sync for product 44
2020-05-01 3:10:50 - Sync for product 55
2020-05-01 17:39:22 - Sync for product 69
2020-05-01 17:45:45 - Sync for product 69
2020-05-01 17:55:13 - Sync for product 72
2020-05-01 17:56:36 - Sync for product 72
2020-05-01 17:58:37 - Sync for product 72
2020-05-01 18:06:49 - Sync for product 109
2020-05-01 18:12:08 - Sync for product 44
2020-05-01 18:21:18 - Sync for product 74
2020-05-01 22:10:14 - Sync for product 85
2020-05-01 22:12:13 - Sync for product 85
2020-05-01 22:12:49 - Sync for product 85
2020-05-01 22:14:05 - Sync for product 85
2020-05-01 22:16:02 - Sync for product 85
2020-05-01 22:19:23 - Sync for product 85
2020-05-01 22:26:01 - Sync for product 92
2020-05-01 22:29:06 - Sync for product 92
2020-05-01 22:30:33 - Sync for product 92
2020-05-01 22:33:10 - Sync for product 89
2020-05-01 22:36:05 - Sync for product 92
2020-05-01 22:37:08 - Sync for product 92
2020-05-01 22:38:31 - Sync for product 89
2020-05-01 23:03:39 - Sync for product 45
2020-05-01 23:32:35 - Sync for product 113
2020-05-02 23:58:44 - Sync for product 43
2020-05-02 23:58:59 - Sync for product 92
2020-05-02 23:59:20 - Sync for product 89
2020-05-02 23:59:32 - Sync for product 88
2020-05-02 23:59:45 - Sync for product 91
2020-05-03 0:00:31 - Sync for product 110
2020-05-03 0:01:10 - Sync for product 70
2020-05-03 0:02:19 - Sync for product 69
2020-05-03 0:02:41 - Sync for product 69
2020-05-03 0:03:39 - Sync for product 72
2020-05-03 0:05:01 - Sync for product 59
2020-05-03 0:20:12 - Sync for product 64
2020-05-03 1:36:41 - Sync for product 109
2020-05-03 1:48:16 - Sync for product 105
2020-05-03 1:59:52 - Sync for product 100
2020-05-03 2:02:01 - Sync for product 102
2020-05-04 13:02:25 - Sync for product 106
2020-05-04 13:05:25 - Sync for product 106
2020-05-04 13:06:11 - Sync for product 106
2020-05-04 15:02:15 - Sync for product 106
2020-05-04 15:05:20 - Sync for product 106
2020-05-04 15:05:43 - Sync for product 106
2020-05-04 15:10:17 - Sync for product 92
2020-05-04 15:11:17 - Sync for product 63
2020-05-04 16:48:39 - Sync for product 53
2020-05-04 17:03:25 - Sync for product 112
2020-05-04 17:04:10 - Sync for product 112
2020-05-04 17:05:16 - Sync for product 112
2020-05-04 17:05:58 - Sync for product 112
2020-05-04 17:06:34 - Sync for product 112
2020-05-04 17:11:10 - Sync for product 87
2020-05-04 17:27:17 - Sync for product 85
2020-05-04 17:39:55 - Sync for product 86
2020-05-04 17:49:41 - Sync for product 92
2020-05-04 17:56:45 - Sync for product 79
2020-05-04 18:11:20 - Sync for product 90
2020-05-04 18:17:57 - Sync for product 45
2020-05-04 18:18:32 - Sync for product 90
2020-05-04 18:19:16 - Sync for product 45
2020-05-04 18:21:52 - Sync for product 45
2020-05-04 18:24:20 - Sync for product 45
2020-05-04 18:28:05 - Sync for product 83
2020-05-04 18:34:49 - Sync for product 91
2020-05-04 18:38:18 - Sync for product 91
2020-05-04 18:40:30 - Sync for product 91
2020-05-04 18:56:35 - Sync for product 44
2020-05-04 20:15:17 - Sync for product 92
2020-05-04 20:40:13 - Sync for product 88
2020-05-04 20:43:54 - Sync for product 82
2020-05-04 20:47:07 - Sync for product 89
2020-05-04 20:49:06 - Sync for product 89
2020-05-04 20:56:37 - Sync for product 80
2020-05-04 20:58:33 - Sync for product 80
2020-05-04 21:07:57 - Sync for product 80
2020-05-04 21:17:30 - Sync for product 43
2020-05-04 21:17:45 - Sync for product 43
2020-05-04 21:37:45 - Sync for product 78
2020-05-04 21:54:42 - Sync for product 84
2020-05-04 21:55:44 - Sync for product 84
2020-05-04 21:56:38 - Sync for product 84
2020-05-04 22:17:55 - Sync for product 87
2020-05-04 22:27:37 - Sync for product 87
2020-05-04 22:30:42 - Sync for product 87
2020-05-04 22:32:38 - Sync for product 87
2020-05-04 23:40:48 - Sync for product 87
2020-05-04 23:45:28 - Sync for product 87
2020-05-04 23:49:02 - Sync for product 87
2020-05-04 23:49:38 - Sync for product 87
2020-05-04 23:50:06 - Sync for product 87
2020-05-04 23:52:46 - Sync for product 87
2020-05-04 23:54:57 - Sync for product 87
2020-05-04 23:55:35 - Sync for product 90
2020-05-04 23:56:04 - Sync for product 90
2020-05-04 23:56:23 - Sync for product 87
2020-05-04 23:58:49 - Sync for product 84
2020-05-05 11:29:49 - Sync for product 113
2020-05-05 12:53:55 - Sync for product 106
2020-05-05 12:54:11 - Sync for product 112
2020-05-05 12:54:28 - Sync for product 63
2020-05-05 12:55:03 - Sync for product 105
2020-05-05 12:55:23 - Sync for product 110
2020-05-05 12:55:45 - Sync for product 100
2020-05-05 13:00:28 - Sync for product 100
2020-05-05 13:00:53 - Sync for product 87
2020-05-05 13:01:18 - Sync for product 53
2020-05-05 13:01:47 - Sync for product 85
2020-05-05 13:02:40 - Sync for product 68
2020-05-05 13:03:05 - Sync for product 70
2020-05-05 13:03:24 - Sync for product 69
2020-05-05 13:05:19 - Sync for product 86
2020-05-05 13:05:53 - Sync for product 92
2020-05-05 13:06:13 - Sync for product 51
2020-05-05 13:06:32 - Sync for product 98
2020-05-05 13:06:48 - Sync for product 79
2020-05-05 13:07:15 - Sync for product 90
2020-05-05 13:09:35 - Sync for product 52
2020-05-05 13:10:14 - Sync for product 45
2020-05-05 13:10:48 - Sync for product 77
2020-05-05 13:11:18 - Sync for product 97
2020-05-05 13:11:53 - Sync for product 108
2020-05-05 13:12:27 - Sync for product 84
2020-05-05 13:13:00 - Sync for product 113
2020-05-05 13:22:46 - Sync for product 64
2020-05-05 13:23:31 - Sync for product 88
2020-05-05 13:24:02 - Sync for product 73
2020-05-05 13:24:29 - Sync for product 82
2020-05-05 13:25:08 - Sync for product 56
2020-05-05 13:25:35 - Sync for product 89
2020-05-05 13:26:17 - Sync for product 66
2020-05-05 13:27:07 - Sync for product 95
2020-05-05 13:27:33 - Sync for product 60
2020-05-05 13:28:06 - Sync for product 101
2020-05-05 13:28:58 - Sync for product 76
2020-05-05 13:29:53 - Sync for product 50
2020-05-05 13:30:58 - Sync for product 74
2020-05-05 13:31:27 - Sync for product 80
2020-05-05 13:32:22 - Sync for product 96
2020-05-05 13:32:56 - Sync for product 109
2020-05-05 13:34:13 - Sync for product 48
2020-05-05 13:34:49 - Sync for product 43
2020-05-05 13:35:26 - Sync for product 78
2020-05-05 13:35:53 - Sync for product 47
2020-05-05 13:39:21 - Sync for product 46
2020-05-05 13:41:40 - Sync for product 46
2020-05-05 13:41:45 - Sync for product 46
2020-05-05 13:42:14 - Sync for product 67
2020-05-05 13:42:55 - Sync for product 107
2020-05-05 13:43:27 - Sync for product 61
2020-05-05 13:43:50 - Sync for product 83
2020-05-05 13:46:37 - Sync for product 91
2020-05-05 13:47:00 - Sync for product 49
2020-05-05 13:47:37 - Sync for product 102
2020-05-05 13:47:52 - Sync for product 102
2020-05-05 13:48:14 - Sync for product 44
2020-05-05 13:48:48 - Sync for product 72
2020-05-05 13:49:33 - Sync for product 111
2020-05-05 13:50:08 - Sync for product 59
2020-05-05 13:50:36 - Sync for product 71
2020-05-05 13:51:29 - Sync for product 62
2020-05-05 13:51:50 - Sync for product 55
2020-05-05 13:53:41 - Sync for product 103
2020-05-05 13:54:17 - Sync for product 99
2020-05-05 13:55:26 - Sync for product 57
2020-05-05 13:56:31 - Sync for product 104
2020-05-05 13:56:56 - Sync for product 58
2020-05-05 14:16:16 - Sync for product 106
2020-05-05 14:18:48 - Sync for product 106
2020-05-05 14:20:44 - Sync for product 106
2020-05-05 14:22:21 - Sync for product 106
2020-05-05 14:23:06 - Sync for product 106
2020-05-05 14:28:11 - Sync for product 106
2020-05-05 14:41:19 - Sync for product 63
2020-05-05 14:44:19 - Sync for product 63
2020-05-05 15:15:53 - Sync for product 105
2020-05-05 15:31:11 - Sync for product 110
2020-05-05 15:35:13 - Sync for product 110
2020-05-05 15:52:23 - Sync for product 100
2020-05-05 16:04:41 - Sync for product 53
2020-05-05 16:06:57 - Sync for product 53
2020-05-05 16:07:55 - Sync for product 53
2020-05-05 16:08:20 - Sync for product 53
2020-05-05 16:43:39 - Sync for product 68
2020-05-05 17:02:30 - Sync for product 70
2020-05-05 17:06:15 - Sync for product 70
2020-05-05 17:31:38 - Sync for product 69
2020-05-05 17:33:43 - Sync for product 69
2020-05-05 17:34:07 - Sync for product 69
2020-05-05 19:21:18 - Sync for product 98
2020-05-05 19:26:03 - Sync for product 98
2020-05-05 21:17:21 - Sync for product 52
2020-05-05 21:21:06 - Sync for product 52
2020-05-05 21:21:28 - Sync for product 69
2020-05-05 21:22:14 - Sync for product 98
2020-05-05 21:42:46 - Sync for product 67
2020-05-05 21:43:35 - Sync for product 67
2020-05-05 22:40:46 - Sync for product 107
2020-05-05 22:43:09 - Sync for product 107
2020-05-05 22:46:38 - Sync for product 107
2020-05-05 22:49:12 - Sync for product 107
2020-05-05 22:51:10 - Sync for product 107
2020-05-05 22:51:46 - Sync for product 107
2020-05-05 23:04:45 - Sync for product 61
2020-05-06 0:08:21 - Sync for product 102
2020-05-06 16:09:18 - Sync for product 72
2020-05-06 17:03:05 - Sync for product 111
2020-05-06 17:27:49 - Sync for product 59
2020-05-06 18:02:20 - Sync for product 71
2020-05-06 18:24:07 - Sync for product 62
2020-05-06 18:53:13 - Sync for product 55
2020-05-06 18:57:42 - Sync for product 55
2020-05-06 20:09:02 - Sync for product 103
2020-05-06 20:10:10 - Sync for product 103
2020-05-06 22:54:09 - Sync for product 99
2020-05-06 23:05:16 - Sync for product 57
2020-05-06 23:37:02 - Sync for product 104
2020-05-06 23:38:48 - Sync for product 104
2020-05-06 23:44:27 - Sync for product 58
2020-05-06 23:45:17 - Sync for product 58
2020-05-06 23:45:51 - Sync for product 58
2020-05-06 23:48:24 - Sync for product 58
2020-05-07 0:40:08 - Sync for product 64
2020-05-07 0:54:15 - Sync for product 73
2020-05-07 13:46:12 - Sync for product 56
2020-05-07 13:48:14 - Sync for product 56
2020-05-07 13:53:04 - Sync for product 66
2020-05-07 14:13:37 - Sync for product 95
2020-05-07 14:38:52 - Sync for product 101
2020-05-07 15:22:16 - Sync for product 60
2020-05-07 15:23:54 - Sync for product 60
2020-05-07 15:24:56 - Sync for product 60
2020-05-07 16:18:58 - Sync for product 76
2020-05-07 16:33:36 - Sync for product 50
2020-05-07 16:34:34 - Sync for product 50
2020-05-07 16:44:10 - Sync for product 96
2020-05-07 16:47:52 - Sync for product 96
2020-05-07 17:13:31 - Sync for product 109
2020-05-07 17:15:41 - Sync for product 109
2020-05-07 18:04:17 - Sync for product 77
2020-05-07 18:25:16 - Sync for product 97
2020-05-07 18:33:01 - Sync for product 97
2020-05-07 18:36:24 - Sync for product 97
2020-05-07 18:36:59 - Sync for product 97
2020-05-07 20:16:51 - Sync for product 108
2020-05-07 20:18:00 - Sync for product 108
2020-05-07 20:20:20 - Sync for product 108
2020-05-07 20:21:45 - Sync for product 108
2020-05-07 21:31:24 - Sync for product 51
2020-05-07 21:51:21 - Sync for product 74
2020-05-07 22:01:58 - Sync for product 85
2020-05-07 22:03:27 - Sync for product 106
2020-05-07 22:03:47 - Sync for product 63
2020-05-07 22:08:04 - Sync for product 63
2020-05-07 22:08:51 - Sync for product 63
2020-05-07 22:09:58 - Sync for product 63
2020-05-07 22:10:42 - Sync for product 63
2020-05-07 22:11:11 - Sync for product 63
2020-05-07 22:12:30 - Sync for product 63
2020-05-07 22:13:26 - Sync for product 63
2020-05-07 22:17:32 - Sync for product 63
2020-05-07 22:22:49 - Sync for product 106
2020-05-07 22:25:24 - Sync for product 106
2020-05-07 22:26:58 - Sync for product 63
2020-05-07 22:28:29 - Sync for product 63
2020-05-07 22:29:50 - Sync for product 105
2020-05-07 23:02:00 - Sync for product 110
2020-05-07 23:03:57 - Sync for product 68
2020-05-07 23:05:48 - Sync for product 70
2020-05-07 23:08:24 - Sync for product 52
2020-05-07 23:08:42 - Sync for product 106
2020-05-07 23:09:04 - Sync for product 63
2020-05-07 23:09:25 - Sync for product 105
2020-05-07 23:09:54 - Sync for product 110
2020-05-07 23:10:12 - Sync for product 100
2020-05-07 23:10:29 - Sync for product 53
2020-05-07 23:10:45 - Sync for product 68
2020-05-07 23:11:05 - Sync for product 70
2020-05-07 23:15:43 - Sync for product 69
2020-05-07 23:16:02 - Sync for product 51
2020-05-07 23:16:15 - Sync for product 98
2020-05-07 23:16:49 - Sync for product 67
2020-05-07 23:49:58 - Sync for product 107
2020-05-07 23:52:07 - Sync for product 61
2020-05-08 0:03:24 - Sync for product 102
2020-05-08 0:04:24 - Sync for product 72
2020-05-08 0:07:48 - Sync for product 111
2020-05-08 0:08:09 - Sync for product 111
2020-05-08 0:09:02 - Sync for product 111
2020-05-08 0:09:23 - Sync for product 111
2020-05-08 0:09:39 - Sync for product 111
2020-05-08 0:09:57 - Sync for product 111
2020-05-08 0:10:19 - Sync for product 111
2020-05-08 0:10:37 - Sync for product 111
2020-05-08 0:11:52 - Sync for product 111
2020-05-08 0:15:31 - Sync for product 59
2020-05-08 0:17:52 - Sync for product 71
2020-05-08 0:20:49 - Sync for product 62
2020-05-08 0:26:40 - Sync for product 55
2020-05-08 0:33:24 - Sync for product 103
2020-05-08 0:35:38 - Sync for product 99
2020-05-08 0:40:22 - Sync for product 57
2020-05-08 0:42:35 - Sync for product 104
2020-05-08 0:43:30 - Sync for product 58
2020-05-08 0:44:09 - Sync for product 64
2020-05-08 0:44:54 - Sync for product 73
2020-05-08 0:45:59 - Sync for product 56
2020-05-08 0:46:45 - Sync for product 66
2020-05-08 0:47:48 - Sync for product 95
2020-05-08 0:48:30 - Sync for product 60
2020-05-08 0:49:20 - Sync for product 101
2020-05-08 0:50:32 - Sync for product 76
2020-05-08 0:51:14 - Sync for product 50
2020-05-08 0:52:15 - Sync for product 96
2020-05-08 0:53:20 - Sync for product 109
2020-05-08 0:54:47 - Sync for product 77
2020-05-08 0:55:46 - Sync for product 97
2020-05-08 0:56:53 - Sync for product 108
2020-05-08 1:01:04 - Sync for product 74
2020-05-08 1:15:01 - Sync for product 112
2020-05-08 1:23:00 - Sync for product 85
2020-05-08 1:23:51 - Sync for product 87
2020-05-08 1:25:14 - Sync for product 86
2020-05-08 1:28:32 - Sync for product 92
2020-05-08 1:30:35 - Sync for product 79
2020-05-08 1:35:34 - Sync for product 90
2020-05-08 1:38:04 - Sync for product 87
2020-05-08 1:38:37 - Sync for product 87
2020-05-08 1:39:30 - Sync for product 87
2020-05-08 1:40:37 - Sync for product 87
2020-05-08 1:45:32 - Sync for product 85
2020-05-08 1:47:25 - Sync for product 86
2020-05-08 1:50:00 - Sync for product 86
2020-05-08 1:52:22 - Sync for product 79
2020-05-08 1:53:41 - Sync for product 87
2020-05-08 1:55:20 - Sync for product 85
2020-05-08 1:55:58 - Sync for product 86
2020-05-08 1:59:28 - Sync for product 90
2020-05-08 2:01:22 - Sync for product 45
2020-05-08 15:45:00 - Sync for product 45
2020-05-08 15:49:01 - Sync for product 83
2020-05-08 15:49:47 - Sync for product 83
2020-05-08 15:50:57 - Sync for product 91
2020-05-08 15:52:25 - Sync for product 44
2020-05-08 15:54:42 - Sync for product 44
2020-05-08 15:57:11 - Sync for product 88
2020-05-08 15:58:24 - Sync for product 88
2020-05-08 16:01:09 - Sync for product 82
2020-05-08 16:08:39 - Sync for product 45
2020-05-08 16:12:22 - Sync for product 45
2020-05-08 17:08:12 - Sync for product 89
2020-05-08 17:09:15 - Sync for product 89
2020-05-08 17:09:44 - Sync for product 89
2020-05-08 17:10:16 - Sync for product 89
2020-05-08 17:10:50 - Sync for product 92
2020-05-08 17:11:23 - Sync for product 92
2020-05-08 17:12:41 - Sync for product 92
2020-05-08 17:13:10 - Sync for product 92
2020-05-08 17:14:40 - Sync for product 44
2020-05-08 17:15:11 - Sync for product 44
2020-05-08 17:16:12 - Sync for product 44
2020-05-08 17:18:29 - Sync for product 44
2020-05-08 17:19:17 - Sync for product 89
2020-05-08 17:23:42 - Sync for product 80
2020-05-08 17:25:45 - Sync for product 43
2020-05-08 17:30:58 - Sync for product 80
2020-05-08 17:40:12 - Sync for product 78
2020-05-08 17:43:23 - Sync for product 84
2020-05-08 17:58:44 - Sync for product 113
2020-05-08 18:07:40 - Sync for product 113
2020-05-08 18:08:16 - Sync for product 113
2020-05-08 18:09:09 - Sync for product 113
2020-05-08 18:23:55 - Sync for product 114
2020-05-08 18:27:57 - Sync for product 114
2020-05-08 19:31:39 - Sync for product 114
2020-05-16 15:03:23 - Sync for product 115
2020-05-16 15:06:28 - Sync for product 115
2020-05-16 18:45:13 - Sync for product 116
2020-05-16 18:46:56 - Sync for product 116
2020-05-17 16:26:42 - Sync for product 92
2020-05-18 1:35:05 - Update products for availability change - 69
2020-05-18 9:02:05 - Update products for availability change - 92
2020-05-18 11:42:19 - Sync for product 92
2020-05-18 12:03:18 - Sync for product 45
2020-05-18 13:02:16 - Update products for availability change - 69,92,106
2020-05-18 13:49:26 - Sync for product 84
2020-05-18 15:19:56 - Sync for product 69
2020-05-18 15:20:38 - Sync for product 69
2020-05-18 15:21:07 - Sync for product 69
2020-05-18 16:04:12 - Sync for product 69
2020-05-18 16:07:34 - Sync for product 69
2020-05-18 16:12:13 - Sync for product 69
2020-05-18 16:12:26 - Sync for product 69
2020-05-18 16:12:56 - Sync for product 69
2020-05-18 16:19:28 - Sync for product 69
2020-05-18 16:21:58 - Sync for product 106
2020-05-18 16:36:43 - Sync for product 43
2020-05-18 16:39:57 - Sync for product 43
2020-05-18 16:40:24 - Sync for product 43
2020-05-18 16:41:46 - Sync for product 43
2020-05-18 17:27:58 - Sync for product 117
2020-05-18 17:37:54 - Sync for product 115
2020-05-18 17:42:39 - Sync for product 117
2020-05-18 17:44:33 - Sync for product 116
2020-05-18 17:51:47 - Sync for product 114
2020-05-19 0:17:31 - Update products for availability change - 106
2020-05-19 16:25:20 - Sync for product 50
2020-05-19 16:27:33 - Sync for product 105
2020-05-19 16:33:41 - Sync for product 85
2020-05-19 16:36:14 - Sync for product 79
2020-05-19 16:38:40 - Sync for product 45
2020-05-19 16:39:47 - Sync for product 46
2020-05-19 16:40:57 - Sync for product 46
2020-05-19 16:44:37 - Sync for product 116
2020-05-19 16:45:02 - Sync for product 116
2020-05-19 17:08:29 - Sync for product 49
2020-05-19 17:10:51 - Sync for product 49
2020-05-19 17:12:32 - Sync for product 44
2020-05-19 17:13:20 - Sync for product 44
2020-05-19 17:14:30 - Sync for product 88
2020-05-19 17:15:32 - Sync for product 117
2020-05-19 17:25:38 - Sync for product 115
2020-05-19 17:27:30 - Sync for product 74
2020-05-19 17:30:50 - Sync for product 48
2020-05-19 17:31:51 - Sync for product 43
2020-05-19 17:33:43 - Sync for product 47
2020-05-19 17:36:32 - Sync for product 76
2020-05-19 17:47:21 - Update products for availability change - 68
2020-05-19 18:32:29 - Update products for availability change - 60,64,95
2020-05-19 20:02:53 - Update products for availability change - 53
2020-05-19 20:07:29 - Update products for availability change - 105
2020-05-19 20:18:07 - Update products for availability change - 87
2020-05-19 20:40:53 - Update products for availability change - 70
2020-05-19 21:49:12 - Sync for product 59
2020-05-20 10:55:18 - Update products for availability change - 106
2020-05-20 17:15:45 - Sync for product 59
2020-05-21 14:33:21 - Sync for product 55
2020-05-21 16:37:55 - Sync for product 70
2020-05-22 20:24:29 - Update products for availability change - 59,62,73
2020-05-24 15:24:48 - Update products for availability change - 59,69
2020-05-25 18:58:13 - Update products for availability change - 45,79,117
2020-05-25 19:11:10 - Get Sample product feed
2020-05-25 19:11:10 - Complete - Get Sample product feed
2020-05-26 15:06:51 - Get Sample product feed
2020-05-26 15:06:51 - Complete - Get Sample product feed
2020-05-26 15:37:24 - Sync for product 117
2020-05-26 18:47:48 - Update products for availability change - 64,106
2020-05-27 16:31:24 - Sync for product 117
2020-05-27 17:19:35 - Update products for availability change - 45,79,117
2020-05-27 17:22:26 - Update products for availability change - 52
2020-05-27 17:23:30 - Update products for availability change - 52
2020-05-27 17:32:47 - Update products for availability change - 59,62,73
2020-05-28 10:39:26 - Update products for availability change - 69
2020-05-28 10:41:00 - Update products for availability change - 69
2020-05-28 10:42:03 - Update products for availability change - 69
2020-05-28 12:05:57 - Sync for product 117
2020-05-28 12:18:03 - Sync for product 112
2020-05-28 12:18:47 - Sync for product 112
2020-05-28 12:53:54 - Sync for product 74
2020-05-28 12:56:13 - Sync for product 74
2020-05-28 12:56:43 - Sync for product 74
2020-05-28 13:01:59 - Sync for product 114
2020-05-28 13:02:53 - Sync for product 114
2020-05-28 13:04:25 - Sync for product 114
2020-05-28 13:07:44 - Sync for product 114
2020-05-28 13:09:55 - Sync for product 112
2020-05-28 13:11:11 - Sync for product 87
2020-05-28 13:15:04 - Sync for product 112
2020-05-28 13:16:17 - Sync for product 112
2020-05-28 13:16:50 - Sync for product 112
2020-05-28 13:22:24 - Sync for product 85
2020-05-28 13:23:06 - Sync for product 85
2020-05-28 13:23:37 - Sync for product 87
2020-05-28 13:24:20 - Sync for product 86
2020-05-28 13:26:17 - Sync for product 92
2020-05-28 13:28:03 - Sync for product 79
2020-05-28 13:29:39 - Sync for product 113
2020-05-28 13:30:20 - Sync for product 90
2020-05-28 13:31:13 - Sync for product 45
2020-05-28 13:32:29 - Sync for product 91
2020-05-28 13:33:19 - Sync for product 116
2020-05-28 13:34:18 - Sync for product 116
2020-05-28 13:34:46 - Sync for product 116
2020-05-28 13:35:18 - Sync for product 116
2020-05-28 13:36:28 - Sync for product 44
2020-05-28 13:37:15 - Sync for product 88
2020-05-28 13:42:11 - Sync for product 117
2020-05-28 13:43:27 - Sync for product 89
2020-05-28 13:44:35 - Sync for product 115
2020-05-28 13:45:09 - Sync for product 80
2020-05-28 13:45:50 - Sync for product 43
2020-05-28 13:49:05 - Sync for product 43
2020-05-28 13:49:54 - Sync for product 43
2020-05-28 13:51:29 - Sync for product 43
2020-05-28 13:59:33 - Sync for product 43
2020-05-28 14:00:20 - Sync for product 74
2020-05-28 14:01:01 - Sync for product 74
2020-05-28 14:01:58 - Sync for product 84
2020-05-28 14:03:44 - Sync for product 74
2020-05-28 15:10:20 - Sync for product 46
2020-05-28 15:11:01 - Sync for product 49
2020-05-28 15:12:04 - Sync for product 47
2020-05-28 15:13:14 - Sync for product 106
2020-05-28 15:13:56 - Sync for product 63
2020-05-28 15:14:57 - Sync for product 105
2020-05-28 15:15:56 - Sync for product 110
2020-05-28 15:16:42 - Sync for product 100
2020-05-28 15:17:54 - Sync for product 100
2020-05-28 15:19:10 - Sync for product 68
2020-05-28 15:19:57 - Sync for product 68
2020-05-28 15:20:37 - Sync for product 70
2020-05-28 15:21:18 - Sync for product 69
2020-05-28 15:21:44 - Sync for product 51
2020-05-28 15:22:39 - Sync for product 98
2020-05-28 15:23:20 - Sync for product 52
2020-05-28 15:24:00 - Sync for product 67
2020-05-28 15:25:04 - Sync for product 107
2020-05-28 15:26:07 - Sync for product 102
2020-05-28 15:27:06 - Sync for product 111
2020-05-28 15:27:49 - Sync for product 72
2020-05-28 15:29:18 - Sync for product 71
2020-05-28 15:32:54 - Sync for product 71
2020-05-28 15:33:32 - Sync for product 71
2020-05-28 15:36:35 - Sync for product 55
2020-05-28 15:37:14 - Sync for product 103
2020-05-28 15:38:04 - Sync for product 99
2020-05-28 15:38:59 - Sync for product 57
2020-05-28 15:39:48 - Sync for product 104
2020-05-28 15:42:28 - Sync for product 58
2020-05-28 15:43:16 - Sync for product 64
2020-05-28 15:45:16 - Sync for product 56
2020-05-28 15:45:51 - Sync for product 66
2020-05-28 15:46:35 - Sync for product 95
2020-05-28 15:47:48 - Sync for product 76
2020-05-28 15:49:10 - Sync for product 50
2020-05-28 15:50:09 - Sync for product 96
2020-05-28 15:50:56 - Sync for product 109
2020-05-28 15:51:42 - Sync for product 77
2020-05-28 15:52:29 - Sync for product 97
2020-05-28 15:53:14 - Sync for product 108
2020-05-28 19:07:22 - Update products for availability change - 69
2020-05-28 19:08:58 - Update products for availability change - 69
2020-05-28 19:12:38 - Update products for availability change - 69
2020-05-28 19:14:45 - Update products for availability change - 60,64,95
2020-05-28 19:21:53 - Update products for availability change - 69
2020-05-28 19:49:13 - Update products for availability change - 63
2020-05-28 19:54:32 - Update products for availability change - 63
2020-05-29 5:18:40 - Update products for availability change - 107
2020-05-29 10:42:49 - Update products for availability change - 60,64,95
2020-05-29 10:43:59 - Update products for availability change - 64,106
2020-05-29 10:45:15 - Update products for availability change - 63
2020-05-29 10:46:15 - Update products for availability change - 63
2020-05-29 10:48:40 - Update products for availability change - 63
2020-05-29 10:49:24 - Update products for availability change - 63
2020-05-29 22:35:51 - Update products for availability change - 102
2020-05-30 16:38:10 - Update products for availability change - 63
2020-05-30 19:25:13 - Update products for availability change - 53
2020-05-30 23:52:40 - Sync for product 106
2020-05-30 23:54:47 - Sync for product 106
2020-05-31 8:11:38 - Update products for availability change - 61
2020-05-31 17:09:48 - Update products for availability change - 50,66,69,71,95,101,103,104,107
2020-05-31 18:47:02 - Update products for availability change - 105
2020-05-31 18:49:29 - Update products for availability change - 105
2020-05-31 18:51:19 - Update products for availability change - 63
2020-05-31 19:13:39 - Update products for availability change - 105
2020-05-31 19:22:59 - Update products for availability change - 105
2020-06-01 20:08:03 - Update products for availability change - 68,98,105
2020-06-01 23:57:40 - Update products for availability change - 107
2020-06-02 7:48:23 - Update products for availability change - 69
2020-06-02 17:56:30 - Sync for product 70
2020-06-02 17:56:40 - Sync for product 69
2020-06-02 17:57:02 - Sync for product 59
2020-06-02 17:57:15 - Sync for product 55
2020-06-02 17:57:42 - Sync for product 64
2020-06-02 17:58:04 - Sync for product 60
2020-06-02 17:59:17 - Sync for product 73
2020-06-03 8:17:37 - Update products for availability change - 112
2020-06-03 12:08:49 - Update products for availability change - 52,96
2020-06-04 19:33:06 - Sync for product 69
2020-06-04 19:33:29 - Sync for product 69
2020-06-04 19:35:06 - Update products for availability change - 58
2020-06-04 21:13:21 - Update products for availability change - 57,71,96,98
2020-06-04 22:50:33 - Update products for availability change - 102
2020-06-06 12:45:17 - Update products for availability change - 100,109
2020-06-07 12:52:56 - Update products for availability change - 50,58,103,105,110
2020-06-07 15:16:31 - Update products for availability change - 66,85
2020-06-07 15:36:49 - Update products for availability change - 51,95,98,108
2020-06-07 18:50:10 - Sync for product 118
2020-06-07 18:51:16 - Sync for product 118
2020-06-07 18:53:39 - Sync for product 118
2020-06-07 19:10:18 - Sync for product 72
2020-06-07 20:34:46 - Sync for product 119
2020-06-07 20:36:09 - Sync for product 119
2020-06-07 20:38:34 - Sync for product 119
2020-06-07 23:20:09 - Sync for product 120
2020-06-07 23:21:53 - Sync for product 120
2020-06-07 23:22:34 - Sync for product 120
2020-06-07 23:31:47 - Update products for availability change - 57,58,63
2020-06-08 0:31:39 - Update products for availability change - 110
2020-06-08 3:06:50 - Sync for product 110
2020-06-08 3:25:57 - Sync for product 50
2020-06-08 7:54:45 - Update products for availability change - 58,61,76
2020-06-08 10:59:17 - Sync for product 51
2020-06-08 11:11:19 - Sync for product 58
2020-06-08 16:27:19 - Update products for availability change - 45
2020-06-08 16:37:16 - Update products for availability change - 53
2020-06-08 22:49:22 - Sync for product 121
2020-06-08 23:09:13 - Update products for availability change - 58
2020-06-08 23:30:33 - Sync for product 122
2020-06-08 23:32:54 - Sync for product 122
2020-06-08 23:33:09 - Sync for product 122
2020-06-08 23:57:20 - Update products for availability change - 97,111
2020-06-09 9:37:44 - Sync for product 123
2020-06-09 18:24:13 - Update products for availability change - 52,105
2020-06-09 21:54:11 - Update products for availability change - 95
2020-06-10 4:10:06 - Update products for availability change - 71,105
2020-06-10 10:29:47 - Update products for availability change - 71
2020-06-10 10:35:40 - Update products for availability change - 71
2020-06-10 10:36:11 - Update products for availability change - 58
2020-06-10 16:10:18 - Sync for product 106
2020-06-10 16:42:42 - Update products for availability change - 103
2020-06-10 21:22:45 - Sync for product 45
2020-06-10 21:44:51 - Sync for product 74
2020-06-10 21:58:28 - Sync for product 44
2020-06-10 22:12:15 - Sync for product 91
2020-06-10 22:13:15 - Sync for product 47
2020-06-10 22:37:27 - Sync for product 70
2020-06-10 22:38:14 - Sync for product 59
2020-06-10 22:40:44 - Sync for product 50
2020-06-10 22:41:44 - Sync for product 69
2020-06-10 22:43:44 - Sync for product 72
2020-06-10 22:44:11 - Sync for product 118
2020-06-11 0:12:37 - Sync for product 124
2020-06-11 0:13:35 - Sync for product 124
2020-06-11 0:14:37 - Sync for product 124
2020-06-11 15:16:39 - Update products for availability change - 50
2020-06-12 4:24:50 - Sync for product 125
2020-06-12 4:30:22 - Sync for product 125
2020-06-12 4:31:34 - Sync for product 125
2020-06-12 5:03:55 - Sync for product 126
2020-06-12 17:45:42 - Sync for product 77
2020-06-12 21:58:23 - Update products for availability change - 89
2020-06-12 22:00:36 - Sync for product 55
2020-06-13 0:00:09 - Update products for availability change - 53
2020-06-13 10:54:04 - Update products for availability change - 106
2020-06-14 12:54:48 - Update products for availability change - 57,58,63,77,97,103,105
2020-06-14 13:18:24 - Update products for availability change - 63,71,107
2020-06-14 14:35:46 - Update products for availability change - 103,105
2020-06-14 15:10:46 - Update products for availability change - 63,71
2020-06-14 18:13:05 - Update products for availability change - 50
2020-06-15 0:06:23 - Sync for product 127
2020-06-15 0:10:31 - Sync for product 127
2020-06-15 0:39:42 - Sync for product 128
2020-06-15 0:41:21 - Sync for product 127
2020-06-15 0:42:07 - Sync for product 128
2020-06-15 0:44:08 - Sync for product 108
2020-06-15 10:12:19 - Update products for availability change - 66
2020-06-15 10:33:36 - Sync for product 59
2020-06-15 12:45:21 - Sync for product 55
2020-06-15 17:15:29 - Update products for availability change - 92
2020-06-15 18:56:20 - Update products for availability change - 105
2020-06-16 1:16:43 - Update products for availability change - 73,76,80
2020-06-16 14:05:24 - Sync for product 129
2020-06-17 1:33:38 - Update products for availability change - 108
2020-06-17 9:55:16 - Update products for availability change - 105
2020-06-17 10:30:19 - Sync for product 130
2020-06-17 10:33:01 - Sync for product 130
2020-06-17 10:34:07 - Update products for availability change - 61
2020-06-17 11:47:02 - Sync for product 131
2020-06-17 11:48:23 - Sync for product 131
2020-06-17 11:50:01 - Sync for product 106
2020-06-17 12:17:43 - Sync for product 132
2020-06-17 12:20:20 - Sync for product 132
2020-06-17 12:20:51 - Sync for product 132
2020-06-17 12:22:10 - Sync for product 132
2020-06-17 12:22:19 - Sync for product 132
2020-06-17 17:06:19 - Sync for product 59
2020-06-18 1:14:23 - Sync for product 59
2020-08-06 13:55:28 - Sync for product 114
2020-08-06 14:08:17 - Sync for product 106
2020-08-06 14:08:49 - Sync for product 112
2020-12-09 18:07:44 - Sync for product 114
